TpTrace Verbose: 0 : 8952, 1, 2022/09/16, 21:26:03.630, 9034989450516, datacollector.dll, Version: 17.3.0-release-20220708-01
TpTrace Information: 0 : 8952, 1, 2022/09/16, 21:26:03.635, 9034989496093, datacollector.dll, DataCollectorMain.Run: Starting data collector run with args: --port,65175,--parentprocessid,2684,--diag,C:\Users\u0995526\Source\Repos\spreadsheet-ZacheyMIX\Spreadsheet\FormulaTests\bin\Debug\net6.0\fine-code-coverage\coverage-tool-output\diagnostics.datacollector.22-09-16_21-26-03_51071_1.log,--tracelevel,4
TpTrace Information: 0 : 8952, 1, 2022/09/16, 21:26:03.638, 9034989528045, datacollector.dll, DataCollector: Monitoring parent process with id: '2684'
TpTrace Information: 0 : 8952, 1, 2022/09/16, 21:26:03.642, 9034989574105, datacollector.dll, Trying to connect to server on socket : 127.0.0.1:65175 
TpTrace Verbose: 0 : 8952, 1, 2022/09/16, 21:26:03.650, 9034989651929, datacollector.dll, SocketCommunicationManager : SetupClientAsync : Attempting to connect to the server.
TpTrace Information: 0 : 8952, 8, 2022/09/16, 21:26:03.659, 9034989739289, datacollector.dll, Connected to the server successfully 
TpTrace Information: 0 : 8952, 8, 2022/09/16, 21:26:03.659, 9034989740239, datacollector.dll, Using the buffer size of 16384 bytes
TpTrace Information: 0 : 8952, 1, 2022/09/16, 21:26:03.731, 9034990457900, datacollector.dll, DataCollector: Start Request Processing.
TpTrace Verbose: 0 : 8952, 1, 2022/09/16, 21:26:03.731, 9034990459810, datacollector.dll, SocketCommunicationManager.WaitForServerConnection took: 0 ms, with 90000 ms timeout, and finished with True.
TpTrace Information: 0 : 8952, 1, 2022/09/16, 21:26:03.731, 9034990462230, datacollector.dll, DataCollectionRequestHandler.ProcessRequests: Datacollector received message: (DataCollection.BeforeTestRunStart) -> {"MessageType":"DataCollection.BeforeTestRunStart","Payload":{"SettingsXml":"<RunSettings><RunConfiguration><ResultsDirectory>C:\\Users\\u0995526\\Source\\Repos\\spreadsheet-ZacheyMIX\\Spreadsheet\\FormulaTests\\bin\\Debug\\net6.0\\fine-code-coverage\\coverage-tool-output</ResultsDirectory><TargetPlatform>X64</TargetPlatform><TargetFrameworkVersion>.NETCoreApp,Version=v6.0</TargetFrameworkVersion><DesignMode>False</DesignMode><CollectSourceInformation>False</CollectSourceInformation><TestAdaptersPaths>C:\\Program Files\\dotnet\\sdk\\6.0.400\\Extensions</TestAdaptersPaths></RunConfiguration><LoggerRunSettings><Loggers><Logger friendlyName=\"blame\" enabled=\"True\" /><Logger friendlyName=\"Console\" uri=\"logger://microsoft/TestPlatform/ConsoleLogger/v1\" assemblyQualifiedName=\"Microsoft.VisualStudio.TestPlatform.CommandLine.Internal.ConsoleLogger, vstest.console, Version=15.0.0.0, Culture=neutral, PublicKeyToken=b03f5f7f11d50a3a\" codeBase=\"C:\\Program Files\\dotnet\\sdk\\6.0.400\\vstest.console.dll\" enabled=\"True\" /></Loggers></LoggerRunSettings><DataCollectionRunSettings><DataCollectors><DataCollector friendlyName=\"blame\" enabled=\"True\"><Configuration><ResultsDirectory>C:\\Users\\u0995526\\Source\\Repos\\spreadsheet-ZacheyMIX\\Spreadsheet\\FormulaTests\\bin\\Debug\\net6.0\\fine-code-coverage\\coverage-tool-output</ResultsDirectory></Configuration></DataCollector></DataCollectors></DataCollectionRunSettings></RunSettings>","Sources":["C:\\Users\\u0995526\\Source\\Repos\\spreadsheet-ZacheyMIX\\Spreadsheet\\FormulaTests\\bin\\Debug\\net6.0\\fine-code-coverage\\build-output\\FormulaTests.dll"],"IsTelemetryOptedIn":false}}
TpTrace Verbose: 0 : 8952, 1, 2022/09/16, 21:26:03.786, 9034991013898, datacollector.dll, TestPluginCache: Update extensions started. Skip filter = False
TpTrace Verbose: 0 : 8952, 1, 2022/09/16, 21:26:03.787, 9034991020734, datacollector.dll, TestPluginCache: Using directories for assembly resolution 'C:\Program Files\dotnet\sdk\6.0.400\Extensions'.
TpTrace Verbose: 0 : 8952, 1, 2022/09/16, 21:26:03.787, 9034991021351, datacollector.dll, TestPluginCache: Updated the available extensions to 'C:\Program Files\dotnet\sdk\6.0.400\Extensions\Microsoft.TestPlatform.Extensions.BlameDataCollector.dll,C:\Program Files\dotnet\sdk\6.0.400\Extensions\Microsoft.TestPlatform.Extensions.EventLogCollector.dll'.
TpTrace Verbose: 0 : 8952, 1, 2022/09/16, 21:26:03.793, 9034991080667, datacollector.dll, TestPluginCache.DiscoverTestExtensions: finding test extensions in assemblies ends with: Collector.dll TPluginInfo: Microsoft.VisualStudio.TestPlatform.Common.DataCollector.DataCollectorConfig TExtension: Microsoft.VisualStudio.TestPlatform.ObjectModel.DataCollection.DataCollector
TpTrace Verbose: 0 : 8952, 1, 2022/09/16, 21:26:03.793, 9034991082404, datacollector.dll, TestPluginCache.GetExtensionPaths: Filtered extension paths: C:\Program Files\dotnet\sdk\6.0.400\Extensions\Microsoft.TestPlatform.Extensions.BlameDataCollector.dll
C:\Program Files\dotnet\sdk\6.0.400\Extensions\Microsoft.TestPlatform.Extensions.EventLogCollector.dll
TpTrace Verbose: 0 : 8952, 1, 2022/09/16, 21:26:03.793, 9034991082813, datacollector.dll, TestPluginCache.GetExtensionPaths: Added default extension paths: 
TpTrace Verbose: 0 : 8952, 1, 2022/09/16, 21:26:03.793, 9034991083139, datacollector.dll, TestPluginCache.GetExtensionPaths: Added unfilterableExtensionPaths: 
TpTrace Information: 0 : 8952, 1, 2022/09/16, 21:26:03.794, 9034991088943, datacollector.dll, AssemblyResolver.ctor: Creating AssemblyResolver with searchDirectories C:\Program Files\dotnet\sdk\6.0.400\Extensions,C:\Program Files\dotnet\sdk\6.0.400
TpTrace Verbose: 0 : 8952, 1, 2022/09/16, 21:26:03.795, 9034991099996, datacollector.dll, TestPluginCache.DiscoverTestExtensions: Discovering the extensions using extension path.
TpTrace Verbose: 0 : 8952, 1, 2022/09/16, 21:26:03.795, 9034991102299, datacollector.dll, TestPluginCache.GetExtensionPaths: Filtered extension paths: C:\Program Files\dotnet\sdk\6.0.400\Extensions\Microsoft.TestPlatform.Extensions.BlameDataCollector.dll
C:\Program Files\dotnet\sdk\6.0.400\Extensions\Microsoft.TestPlatform.Extensions.EventLogCollector.dll
TpTrace Verbose: 0 : 8952, 1, 2022/09/16, 21:26:03.795, 9034991102887, datacollector.dll, TestPluginCache.GetExtensionPaths: Added default extension paths: 
TpTrace Verbose: 0 : 8952, 1, 2022/09/16, 21:26:03.795, 9034991103277, datacollector.dll, TestPluginCache.GetExtensionPaths: Added unfilterableExtensionPaths: 
TpTrace Verbose: 0 : 8952, 1, 2022/09/16, 21:26:03.795, 9034991103944, datacollector.dll, TestPluginCache.DiscoverTestExtensions: Discovering the extensions using allExtensionPaths: C:\Program Files\dotnet\sdk\6.0.400\Extensions\Microsoft.TestPlatform.Extensions.BlameDataCollector.dll
C:\Program Files\dotnet\sdk\6.0.400\Extensions\Microsoft.TestPlatform.Extensions.EventLogCollector.dll
TpTrace Information: 0 : 8952, 1, 2022/09/16, 21:26:03.795, 9034991105634, datacollector.dll, AssemblyResolver.AddSearchDirectories: Adding more searchDirectories C:\Program Files\dotnet\sdk\6.0.400\Extensions,C:\Program Files\dotnet\sdk\6.0.400
TpTrace Information: 0 : 8952, 1, 2022/09/16, 21:26:03.796, 9034991106288, datacollector.dll, AssemblyResolver.AddSearchDirectories: Adding more searchDirectories C:\Program Files\dotnet\sdk\6.0.400\Extensions,C:\Program Files\dotnet\sdk\6.0.400
TpTrace Information: 0 : 8952, 1, 2022/09/16, 21:26:03.796, 9034991110398, datacollector.dll, AssemblyResolver.OnResolve: Microsoft.TestPlatform.Extensions.BlameDataCollector: Resolving assembly.
TpTrace Information: 0 : 8952, 1, 2022/09/16, 21:26:03.796, 9034991111076, datacollector.dll, AssemblyResolver.OnResolve: Microsoft.TestPlatform.Extensions.BlameDataCollector: Searching in: 'C:\Program Files\dotnet\sdk\6.0.400\Extensions'.
TpTrace Information: 0 : 8952, 1, 2022/09/16, 21:26:03.797, 9034991117263, datacollector.dll, AssemblyResolver.OnResolve: Microsoft.TestPlatform.Extensions.BlameDataCollector: Loading assembly 'C:\Program Files\dotnet\sdk\6.0.400\Extensions\Microsoft.TestPlatform.Extensions.BlameDataCollector.dll'.
TpTrace Information: 0 : 8952, 1, 2022/09/16, 21:26:03.797, 9034991123341, datacollector.dll, AssemblyResolver.OnResolve: Resolved assembly: Microsoft.TestPlatform.Extensions.BlameDataCollector, from path: C:\Program Files\dotnet\sdk\6.0.400\Extensions\Microsoft.TestPlatform.Extensions.BlameDataCollector.dll
TpTrace Verbose: 0 : 8952, 1, 2022/09/16, 21:26:03.801, 9034991165959, datacollector.dll, MetadataReaderExtensionsHelper: Discovering extensions inside assembly 'Microsoft.TestPlatform.Extensions.BlameDataCollector, Version=15.0.0.0, Culture=neutral, PublicKeyToken=b03f5f7f11d50a3a' file path 'C:\Program Files\dotnet\sdk\6.0.400\Extensions\Microsoft.TestPlatform.Extensions.BlameDataCollector.dll'
TpTrace Error: 0 : 8952, 1, 2022/09/16, 21:26:03.810, 9034991254364, datacollector.dll, The type "Microsoft.TestPlatform.Extensions.BlameDataCollector.BlameCollector" defined in "Microsoft.TestPlatform.Extensions.BlameDataCollector.dll" does not have ExtensionUri attribute.
TpTrace Information: 0 : 8952, 1, 2022/09/16, 21:26:03.812, 9034991268491, datacollector.dll, GetTestExtensionFromType: Register extension with identifier data 'datacollector://microsoft/TestPlatform/Extensions/Blame/v1' and type 'Microsoft.TestPlatform.Extensions.BlameDataCollector.BlameCollector, Microsoft.TestPlatform.Extensions.BlameDataCollector, Version=15.0.0.0, Culture=neutral, PublicKeyToken=b03f5f7f11d50a3a' inside file 'C:\Program Files\dotnet\sdk\6.0.400\Extensions\Microsoft.TestPlatform.Extensions.BlameDataCollector.dll'
TpTrace Information: 0 : 8952, 1, 2022/09/16, 21:26:03.812, 9034991270149, datacollector.dll, AssemblyResolver.OnResolve: Microsoft.TestPlatform.Extensions.EventLogCollector: Resolving assembly.
TpTrace Information: 0 : 8952, 1, 2022/09/16, 21:26:03.812, 9034991270602, datacollector.dll, AssemblyResolver.OnResolve: Microsoft.TestPlatform.Extensions.EventLogCollector: Searching in: 'C:\Program Files\dotnet\sdk\6.0.400\Extensions'.
TpTrace Information: 0 : 8952, 1, 2022/09/16, 21:26:03.813, 9034991276417, datacollector.dll, AssemblyResolver.OnResolve: Microsoft.TestPlatform.Extensions.EventLogCollector: Loading assembly 'C:\Program Files\dotnet\sdk\6.0.400\Extensions\Microsoft.TestPlatform.Extensions.EventLogCollector.dll'.
TpTrace Information: 0 : 8952, 1, 2022/09/16, 21:26:03.813, 9034991281880, datacollector.dll, AssemblyResolver.OnResolve: Resolved assembly: Microsoft.TestPlatform.Extensions.EventLogCollector, from path: C:\Program Files\dotnet\sdk\6.0.400\Extensions\Microsoft.TestPlatform.Extensions.EventLogCollector.dll
TpTrace Verbose: 0 : 8952, 1, 2022/09/16, 21:26:03.813, 9034991282770, datacollector.dll, MetadataReaderExtensionsHelper: Discovering extensions inside assembly 'Microsoft.TestPlatform.Extensions.EventLogCollector, Version=15.0.0.0, Culture=neutral, PublicKeyToken=b03f5f7f11d50a3a' file path 'C:\Program Files\dotnet\sdk\6.0.400\Extensions\Microsoft.TestPlatform.Extensions.EventLogCollector.dll'
TpTrace Error: 0 : 8952, 1, 2022/09/16, 21:26:03.815, 9034991304578, datacollector.dll, The type "Microsoft.TestPlatform.Extensions.EventLogCollector.EventLogDataCollector" defined in "Microsoft.TestPlatform.Extensions.EventLogCollector.dll" does not have ExtensionUri attribute.
TpTrace Information: 0 : 8952, 1, 2022/09/16, 21:26:03.816, 9034991306039, datacollector.dll, GetTestExtensionFromType: Register extension with identifier data 'datacollector://microsoft/EventLog/2.0' and type 'Microsoft.TestPlatform.Extensions.EventLogCollector.EventLogDataCollector, Microsoft.TestPlatform.Extensions.EventLogCollector, Version=15.0.0.0, Culture=neutral, PublicKeyToken=b03f5f7f11d50a3a' inside file 'C:\Program Files\dotnet\sdk\6.0.400\Extensions\Microsoft.TestPlatform.Extensions.EventLogCollector.dll'
TpTrace Verbose: 0 : 8952, 1, 2022/09/16, 21:26:03.816, 9034991308108, datacollector.dll, TestPluginCache: Discovered the extensions using extension path 'C:\Program Files\dotnet\sdk\6.0.400\Extensions\Microsoft.TestPlatform.Extensions.BlameDataCollector.dll,C:\Program Files\dotnet\sdk\6.0.400\Extensions\Microsoft.TestPlatform.Extensions.EventLogCollector.dll'.
TpTrace Verbose: 0 : 8952, 1, 2022/09/16, 21:26:03.816, 9034991308581, datacollector.dll, TestPluginCache: Discoverers are ''.
TpTrace Verbose: 0 : 8952, 1, 2022/09/16, 21:26:03.816, 9034991308914, datacollector.dll, TestPluginCache: Executors are ''.
TpTrace Verbose: 0 : 8952, 1, 2022/09/16, 21:26:03.816, 9034991309657, datacollector.dll, TestPluginCache: Executors2 are ''.
TpTrace Verbose: 0 : 8952, 1, 2022/09/16, 21:26:03.816, 9034991309975, datacollector.dll, TestPluginCache: Setting providers are ''.
TpTrace Verbose: 0 : 8952, 1, 2022/09/16, 21:26:03.816, 9034991310323, datacollector.dll, TestPluginCache: Loggers are ''.
TpTrace Verbose: 0 : 8952, 1, 2022/09/16, 21:26:03.816, 9034991310575, datacollector.dll, TestPluginCache: TestHosts are ''.
TpTrace Verbose: 0 : 8952, 1, 2022/09/16, 21:26:03.816, 9034991312488, datacollector.dll, TestPluginCache: DataCollectors are 'datacollector://microsoft/TestPlatform/Extensions/Blame/v1,datacollector://microsoft/EventLog/2.0'.
TpTrace Information: 0 : 8952, 1, 2022/09/16, 21:26:03.817, 9034991321841, datacollector.dll, TestPluginManager.CreateTestExtension: Attempting to load test extension: Microsoft.TestPlatform.Extensions.BlameDataCollector.BlameCollector
TpTrace Verbose: 0 : 8952, 1, 2022/09/16, 21:26:03.821, 9034991365309, datacollector.dll, MulticastDelegateUtilities.SafeInvoke: DataCollectionEvents.SessionStart: Invoking callbacks was skipped because there are no subscribers.
TpTrace Information: 0 : 8952, 1, 2022/09/16, 21:26:03.822, 9034991375558, datacollector.dll, Listening on Endpoint : 127.0.0.1:65177
TpTrace Information: 0 : 8952, 1, 2022/09/16, 21:26:03.830, 9034991452174, datacollector.dll, DataCollectionRequestHandler.ProcessRequests : DataCollection started.
TpTrace Information: 0 : 8952, 1, 2022/09/16, 21:26:03.844, 9034991587719, datacollector.dll, DataCollectionRequestHandler.ProcessRequests: Datacollector received message: (DataCollection.TestHostLaunched) -> {"MessageType":"DataCollection.TestHostLaunched","Payload":{"ProcessId":28524}}
TpTrace Verbose: 0 : 8952, 1, 2022/09/16, 21:26:03.845, 9034991604891, datacollector.dll, MulticastDelegateUtilities.SafeInvoke: DataCollectionEvents.TestHostLaunched: Invoking callback 1/1 for Microsoft.TestPlatform.Extensions.BlameDataCollector.BlameCollector.TestHostLaunchedHandler, took 0 ms.
TpTrace Information: 0 : 8952, 5, 2022/09/16, 21:26:03.997, 9034993116981, datacollector.dll, Using the buffer size of 16384 bytes
TpTrace Verbose: 0 : 8952, 8, 2022/09/16, 21:26:03.997, 9034993117093, datacollector.dll, SocketCommunicationManager.WaitForClientConnection took: 170 ms, with 90000 ms timeout, and finished with True.
TpTrace Information: 0 : 8952, 5, 2022/09/16, 21:26:03.997, 9034993117713, datacollector.dll, Accepted Client request and set the flag
TpTrace Information: 0 : 8952, 8, 2022/09/16, 21:26:04.448, 9034997629128, datacollector.dll, DataCollectionTestCaseEventHandler: Test case starting.
TpTrace Information: 0 : 8952, 8, 2022/09/16, 21:26:04.483, 9034997984862, datacollector.dll, BlameCollector.EventsTestCaseStart: Test Case Start
TpTrace Verbose: 0 : 8952, 8, 2022/09/16, 21:26:04.484, 9034997986964, datacollector.dll, MulticastDelegateUtilities.SafeInvoke: DataCollectionEvents.TestCaseStart: Invoking callback 1/1 for Microsoft.TestPlatform.Extensions.BlameDataCollector.BlameCollector.EventsTestCaseStart, took 0 ms.
TpTrace Information: 0 : 8952, 8, 2022/09/16, 21:26:04.484, 9034997988733, datacollector.dll, DataCollectionTestCaseEventHandler: Test case 'testEquals - 8cf37efe-a93f-65e7-ccf5-3b3d1fca3edb' started.
TpTrace Information: 0 : 8952, 8, 2022/09/16, 21:26:04.524, 9034998386369, datacollector.dll, DataCollectionTestCaseEventHandler: Test case completing.
TpTrace Information: 0 : 8952, 8, 2022/09/16, 21:26:04.527, 9034998417743, datacollector.dll, BlameCollector.EventsTestCaseEnd: Test Case End
TpTrace Verbose: 0 : 8952, 8, 2022/09/16, 21:26:04.527, 9034998420010, datacollector.dll, MulticastDelegateUtilities.SafeInvoke: DataCollectionEvents.TestCaseEnd: Invoking callback 1/1 for Microsoft.TestPlatform.Extensions.BlameDataCollector.BlameCollector.EventsTestCaseEnd, took 0 ms.
TpTrace Information: 0 : 8952, 8, 2022/09/16, 21:26:04.530, 9034998452540, datacollector.dll, DataCollectionTestCaseEventHandler: Test case 'testEquals - 8cf37efe-a93f-65e7-ccf5-3b3d1fca3edb' completed
TpTrace Information: 0 : 8952, 8, 2022/09/16, 21:26:04.539, 9034998538422, datacollector.dll, DataCollectionTestCaseEventHandler: Test case starting.
TpTrace Information: 0 : 8952, 8, 2022/09/16, 21:26:04.539, 9034998544144, datacollector.dll, BlameCollector.EventsTestCaseStart: Test Case Start
TpTrace Verbose: 0 : 8952, 8, 2022/09/16, 21:26:04.539, 9034998544764, datacollector.dll, MulticastDelegateUtilities.SafeInvoke: DataCollectionEvents.TestCaseStart: Invoking callback 1/1 for Microsoft.TestPlatform.Extensions.BlameDataCollector.BlameCollector.EventsTestCaseStart, took 0 ms.
TpTrace Information: 0 : 8952, 8, 2022/09/16, 21:26:04.539, 9034998545667, datacollector.dll, DataCollectionTestCaseEventHandler: Test case 'testEqualsWithDouble - 0d91e744-116b-5327-967f-611b13795767' started.
TpTrace Information: 0 : 8952, 8, 2022/09/16, 21:26:04.541, 9034998558215, datacollector.dll, DataCollectionTestCaseEventHandler: Test case completing.
TpTrace Information: 0 : 8952, 8, 2022/09/16, 21:26:04.541, 9034998563439, datacollector.dll, BlameCollector.EventsTestCaseEnd: Test Case End
TpTrace Verbose: 0 : 8952, 8, 2022/09/16, 21:26:04.541, 9034998565060, datacollector.dll, MulticastDelegateUtilities.SafeInvoke: DataCollectionEvents.TestCaseEnd: Invoking callback 1/1 for Microsoft.TestPlatform.Extensions.BlameDataCollector.BlameCollector.EventsTestCaseEnd, took 0 ms.
TpTrace Information: 0 : 8952, 8, 2022/09/16, 21:26:04.542, 9034998567234, datacollector.dll, DataCollectionTestCaseEventHandler: Test case 'testEqualsWithDouble - 0d91e744-116b-5327-967f-611b13795767' completed
TpTrace Information: 0 : 8952, 8, 2022/09/16, 21:26:04.542, 9034998572523, datacollector.dll, DataCollectionTestCaseEventHandler: Test case starting.
TpTrace Information: 0 : 8952, 8, 2022/09/16, 21:26:04.546, 9034998607003, datacollector.dll, BlameCollector.EventsTestCaseStart: Test Case Start
TpTrace Verbose: 0 : 8952, 8, 2022/09/16, 21:26:04.546, 9034998608076, datacollector.dll, MulticastDelegateUtilities.SafeInvoke: DataCollectionEvents.TestCaseStart: Invoking callback 1/1 for Microsoft.TestPlatform.Extensions.BlameDataCollector.BlameCollector.EventsTestCaseStart, took 0 ms.
TpTrace Information: 0 : 8952, 8, 2022/09/16, 21:26:04.546, 9034998609083, datacollector.dll, DataCollectionTestCaseEventHandler: Test case 'testUnEquals - 1c026c42-3639-ae83-e085-73b554d27294' started.
TpTrace Information: 0 : 8952, 8, 2022/09/16, 21:26:04.547, 9034998620862, datacollector.dll, DataCollectionTestCaseEventHandler: Test case completing.
TpTrace Information: 0 : 8952, 8, 2022/09/16, 21:26:04.548, 9034998626104, datacollector.dll, BlameCollector.EventsTestCaseEnd: Test Case End
TpTrace Verbose: 0 : 8952, 8, 2022/09/16, 21:26:04.548, 9034998626601, datacollector.dll, MulticastDelegateUtilities.SafeInvoke: DataCollectionEvents.TestCaseEnd: Invoking callback 1/1 for Microsoft.TestPlatform.Extensions.BlameDataCollector.BlameCollector.EventsTestCaseEnd, took 0 ms.
TpTrace Information: 0 : 8952, 8, 2022/09/16, 21:26:04.548, 9034998627530, datacollector.dll, DataCollectionTestCaseEventHandler: Test case 'testUnEquals - 1c026c42-3639-ae83-e085-73b554d27294' completed
TpTrace Information: 0 : 8952, 8, 2022/09/16, 21:26:04.548, 9034998633209, datacollector.dll, DataCollectionTestCaseEventHandler: Test case starting.
TpTrace Information: 0 : 8952, 8, 2022/09/16, 21:26:04.549, 9034998637969, datacollector.dll, BlameCollector.EventsTestCaseStart: Test Case Start
TpTrace Verbose: 0 : 8952, 8, 2022/09/16, 21:26:04.549, 9034998638606, datacollector.dll, MulticastDelegateUtilities.SafeInvoke: DataCollectionEvents.TestCaseStart: Invoking callback 1/1 for Microsoft.TestPlatform.Extensions.BlameDataCollector.BlameCollector.EventsTestCaseStart, took 0 ms.
TpTrace Information: 0 : 8952, 8, 2022/09/16, 21:26:04.549, 9034998639380, datacollector.dll, DataCollectionTestCaseEventHandler: Test case 'testUnEqualHashCode - a7390930-fa3f-bd7a-7ce5-1c38c9871c15' started.
TpTrace Information: 0 : 8952, 8, 2022/09/16, 21:26:04.550, 9034998650907, datacollector.dll, DataCollectionTestCaseEventHandler: Test case completing.
TpTrace Information: 0 : 8952, 8, 2022/09/16, 21:26:04.550, 9034998655864, datacollector.dll, BlameCollector.EventsTestCaseEnd: Test Case End
TpTrace Verbose: 0 : 8952, 8, 2022/09/16, 21:26:04.551, 9034998656542, datacollector.dll, MulticastDelegateUtilities.SafeInvoke: DataCollectionEvents.TestCaseEnd: Invoking callback 1/1 for Microsoft.TestPlatform.Extensions.BlameDataCollector.BlameCollector.EventsTestCaseEnd, took 0 ms.
TpTrace Information: 0 : 8952, 8, 2022/09/16, 21:26:04.551, 9034998657522, datacollector.dll, DataCollectionTestCaseEventHandler: Test case 'testUnEqualHashCode - a7390930-fa3f-bd7a-7ce5-1c38c9871c15' completed
TpTrace Information: 0 : 8952, 8, 2022/09/16, 21:26:04.551, 9034998662356, datacollector.dll, DataCollectionTestCaseEventHandler: Test case starting.
TpTrace Information: 0 : 8952, 8, 2022/09/16, 21:26:04.552, 9034998666927, datacollector.dll, BlameCollector.EventsTestCaseStart: Test Case Start
TpTrace Verbose: 0 : 8952, 8, 2022/09/16, 21:26:04.552, 9034998667483, datacollector.dll, MulticastDelegateUtilities.SafeInvoke: DataCollectionEvents.TestCaseStart: Invoking callback 1/1 for Microsoft.TestPlatform.Extensions.BlameDataCollector.BlameCollector.EventsTestCaseStart, took 0 ms.
TpTrace Information: 0 : 8952, 8, 2022/09/16, 21:26:04.552, 9034998668235, datacollector.dll, DataCollectionTestCaseEventHandler: Test case 'testEqualHashCode - d64a1ed1-c160-a99a-c314-78ec9f33cc42' started.
TpTrace Information: 0 : 8952, 8, 2022/09/16, 21:26:04.553, 9034998679896, datacollector.dll, DataCollectionTestCaseEventHandler: Test case completing.
TpTrace Information: 0 : 8952, 8, 2022/09/16, 21:26:04.553, 9034998684865, datacollector.dll, BlameCollector.EventsTestCaseEnd: Test Case End
TpTrace Verbose: 0 : 8952, 8, 2022/09/16, 21:26:04.553, 9034998685366, datacollector.dll, MulticastDelegateUtilities.SafeInvoke: DataCollectionEvents.TestCaseEnd: Invoking callback 1/1 for Microsoft.TestPlatform.Extensions.BlameDataCollector.BlameCollector.EventsTestCaseEnd, took 0 ms.
TpTrace Information: 0 : 8952, 8, 2022/09/16, 21:26:04.554, 9034998686289, datacollector.dll, DataCollectionTestCaseEventHandler: Test case 'testEqualHashCode - d64a1ed1-c160-a99a-c314-78ec9f33cc42' completed
TpTrace Information: 0 : 8952, 8, 2022/09/16, 21:26:04.554, 9034998691380, datacollector.dll, DataCollectionTestCaseEventHandler: Test case starting.
TpTrace Information: 0 : 8952, 8, 2022/09/16, 21:26:04.554, 9034998695839, datacollector.dll, BlameCollector.EventsTestCaseStart: Test Case Start
TpTrace Verbose: 0 : 8952, 8, 2022/09/16, 21:26:04.555, 9034998696336, datacollector.dll, MulticastDelegateUtilities.SafeInvoke: DataCollectionEvents.TestCaseStart: Invoking callback 1/1 for Microsoft.TestPlatform.Extensions.BlameDataCollector.BlameCollector.EventsTestCaseStart, took 0 ms.
TpTrace Information: 0 : 8952, 8, 2022/09/16, 21:26:04.555, 9034998697132, datacollector.dll, DataCollectionTestCaseEventHandler: Test case 'validFormulaTest2 - 8cae113e-1c16-6c79-ac60-4682b3ae654a' started.
TpTrace Information: 0 : 8952, 8, 2022/09/16, 21:26:04.556, 9034998706086, datacollector.dll, DataCollectionTestCaseEventHandler: Test case completing.
TpTrace Information: 0 : 8952, 8, 2022/09/16, 21:26:04.556, 9034998710815, datacollector.dll, BlameCollector.EventsTestCaseEnd: Test Case End
TpTrace Verbose: 0 : 8952, 8, 2022/09/16, 21:26:04.556, 9034998711303, datacollector.dll, MulticastDelegateUtilities.SafeInvoke: DataCollectionEvents.TestCaseEnd: Invoking callback 1/1 for Microsoft.TestPlatform.Extensions.BlameDataCollector.BlameCollector.EventsTestCaseEnd, took 0 ms.
TpTrace Information: 0 : 8952, 8, 2022/09/16, 21:26:04.556, 9034998712182, datacollector.dll, DataCollectionTestCaseEventHandler: Test case 'validFormulaTest2 - 8cae113e-1c16-6c79-ac60-4682b3ae654a' completed
TpTrace Information: 0 : 8952, 8, 2022/09/16, 21:26:04.557, 9034998717247, datacollector.dll, DataCollectionTestCaseEventHandler: Test case starting.
TpTrace Information: 0 : 8952, 8, 2022/09/16, 21:26:04.557, 9034998721640, datacollector.dll, BlameCollector.EventsTestCaseStart: Test Case Start
TpTrace Verbose: 0 : 8952, 8, 2022/09/16, 21:26:04.557, 9034998722176, datacollector.dll, MulticastDelegateUtilities.SafeInvoke: DataCollectionEvents.TestCaseStart: Invoking callback 1/1 for Microsoft.TestPlatform.Extensions.BlameDataCollector.BlameCollector.EventsTestCaseStart, took 0 ms.
TpTrace Information: 0 : 8952, 8, 2022/09/16, 21:26:04.557, 9034998722897, datacollector.dll, DataCollectionTestCaseEventHandler: Test case 'validFormulaTest3 - 2f5590ae-5668-f202-85a1-4e0f89da7304' started.
TpTrace Information: 0 : 8952, 8, 2022/09/16, 21:26:04.558, 9034998732323, datacollector.dll, DataCollectionTestCaseEventHandler: Test case completing.
TpTrace Information: 0 : 8952, 8, 2022/09/16, 21:26:04.559, 9034998737506, datacollector.dll, BlameCollector.EventsTestCaseEnd: Test Case End
TpTrace Verbose: 0 : 8952, 8, 2022/09/16, 21:26:04.559, 9034998738316, datacollector.dll, MulticastDelegateUtilities.SafeInvoke: DataCollectionEvents.TestCaseEnd: Invoking callback 1/1 for Microsoft.TestPlatform.Extensions.BlameDataCollector.BlameCollector.EventsTestCaseEnd, took 0 ms.
TpTrace Information: 0 : 8952, 8, 2022/09/16, 21:26:04.559, 9034998739783, datacollector.dll, DataCollectionTestCaseEventHandler: Test case 'validFormulaTest3 - 2f5590ae-5668-f202-85a1-4e0f89da7304' completed
TpTrace Information: 0 : 8952, 8, 2022/09/16, 21:26:04.560, 9034998746848, datacollector.dll, DataCollectionTestCaseEventHandler: Test case starting.
TpTrace Information: 0 : 8952, 8, 2022/09/16, 21:26:04.560, 9034998752171, datacollector.dll, BlameCollector.EventsTestCaseStart: Test Case Start
TpTrace Verbose: 0 : 8952, 8, 2022/09/16, 21:26:04.560, 9034998752865, datacollector.dll, MulticastDelegateUtilities.SafeInvoke: DataCollectionEvents.TestCaseStart: Invoking callback 1/1 for Microsoft.TestPlatform.Extensions.BlameDataCollector.BlameCollector.EventsTestCaseStart, took 0 ms.
TpTrace Information: 0 : 8952, 8, 2022/09/16, 21:26:04.560, 9034998753776, datacollector.dll, DataCollectionTestCaseEventHandler: Test case 'badParanthesisTest - 643632f4-74ba-055a-059a-0cfc81d95e35' started.
TpTrace Information: 0 : 8952, 8, 2022/09/16, 21:26:04.563, 9034998781319, datacollector.dll, DataCollectionTestCaseEventHandler: Test case completing.
TpTrace Information: 0 : 8952, 8, 2022/09/16, 21:26:04.564, 9034998786924, datacollector.dll, BlameCollector.EventsTestCaseEnd: Test Case End
TpTrace Verbose: 0 : 8952, 8, 2022/09/16, 21:26:04.564, 9034998787650, datacollector.dll, MulticastDelegateUtilities.SafeInvoke: DataCollectionEvents.TestCaseEnd: Invoking callback 1/1 for Microsoft.TestPlatform.Extensions.BlameDataCollector.BlameCollector.EventsTestCaseEnd, took 0 ms.
TpTrace Information: 0 : 8952, 8, 2022/09/16, 21:26:04.564, 9034998788800, datacollector.dll, DataCollectionTestCaseEventHandler: Test case 'badParanthesisTest - 643632f4-74ba-055a-059a-0cfc81d95e35' completed
TpTrace Information: 0 : 8952, 8, 2022/09/16, 21:26:04.564, 9034998794518, datacollector.dll, DataCollectionTestCaseEventHandler: Test case starting.
TpTrace Information: 0 : 8952, 8, 2022/09/16, 21:26:04.565, 9034998799681, datacollector.dll, BlameCollector.EventsTestCaseStart: Test Case Start
TpTrace Verbose: 0 : 8952, 8, 2022/09/16, 21:26:04.565, 9034998800345, datacollector.dll, MulticastDelegateUtilities.SafeInvoke: DataCollectionEvents.TestCaseStart: Invoking callback 1/1 for Microsoft.TestPlatform.Extensions.BlameDataCollector.BlameCollector.EventsTestCaseStart, took 0 ms.
TpTrace Information: 0 : 8952, 8, 2022/09/16, 21:26:04.565, 9034998801266, datacollector.dll, DataCollectionTestCaseEventHandler: Test case 'badClosingToken - b8bc272c-5e13-6f9f-a671-80ba06ab36e1' started.
TpTrace Information: 0 : 8952, 8, 2022/09/16, 21:26:04.566, 9034998814047, datacollector.dll, DataCollectionTestCaseEventHandler: Test case completing.
TpTrace Information: 0 : 8952, 8, 2022/09/16, 21:26:04.567, 9034998819203, datacollector.dll, BlameCollector.EventsTestCaseEnd: Test Case End
TpTrace Verbose: 0 : 8952, 8, 2022/09/16, 21:26:04.567, 9034998819775, datacollector.dll, MulticastDelegateUtilities.SafeInvoke: DataCollectionEvents.TestCaseEnd: Invoking callback 1/1 for Microsoft.TestPlatform.Extensions.BlameDataCollector.BlameCollector.EventsTestCaseEnd, took 0 ms.
TpTrace Information: 0 : 8952, 8, 2022/09/16, 21:26:04.567, 9034998820718, datacollector.dll, DataCollectionTestCaseEventHandler: Test case 'badClosingToken - b8bc272c-5e13-6f9f-a671-80ba06ab36e1' completed
TpTrace Information: 0 : 8952, 8, 2022/09/16, 21:26:04.595, 9034999101950, datacollector.dll, DataCollectionTestCaseEventHandler: Test case starting.
TpTrace Information: 0 : 8952, 8, 2022/09/16, 21:26:04.596, 9034999107292, datacollector.dll, BlameCollector.EventsTestCaseStart: Test Case Start
TpTrace Verbose: 0 : 8952, 8, 2022/09/16, 21:26:04.596, 9034999107927, datacollector.dll, MulticastDelegateUtilities.SafeInvoke: DataCollectionEvents.TestCaseStart: Invoking callback 1/1 for Microsoft.TestPlatform.Extensions.BlameDataCollector.BlameCollector.EventsTestCaseStart, took 0 ms.
TpTrace Information: 0 : 8952, 8, 2022/09/16, 21:26:04.596, 9034999108801, datacollector.dll, DataCollectionTestCaseEventHandler: Test case 'badParanthesisFormulaTest - 1846f898-751b-2422-c396-2532e9289598' started.
TpTrace Information: 0 : 8952, 8, 2022/09/16, 21:26:04.597, 9034999122397, datacollector.dll, DataCollectionTestCaseEventHandler: Test case completing.
TpTrace Information: 0 : 8952, 8, 2022/09/16, 21:26:04.598, 9034999127484, datacollector.dll, BlameCollector.EventsTestCaseEnd: Test Case End
TpTrace Verbose: 0 : 8952, 8, 2022/09/16, 21:26:04.598, 9034999128068, datacollector.dll, MulticastDelegateUtilities.SafeInvoke: DataCollectionEvents.TestCaseEnd: Invoking callback 1/1 for Microsoft.TestPlatform.Extensions.BlameDataCollector.BlameCollector.EventsTestCaseEnd, took 0 ms.
TpTrace Information: 0 : 8952, 8, 2022/09/16, 21:26:04.598, 9034999129035, datacollector.dll, DataCollectionTestCaseEventHandler: Test case 'badParanthesisFormulaTest - 1846f898-751b-2422-c396-2532e9289598' completed
TpTrace Information: 0 : 8952, 8, 2022/09/16, 21:26:04.598, 9034999133506, datacollector.dll, DataCollectionTestCaseEventHandler: Test case starting.
TpTrace Information: 0 : 8952, 8, 2022/09/16, 21:26:04.599, 9034999138043, datacollector.dll, BlameCollector.EventsTestCaseStart: Test Case Start
TpTrace Verbose: 0 : 8952, 8, 2022/09/16, 21:26:04.599, 9034999138553, datacollector.dll, MulticastDelegateUtilities.SafeInvoke: DataCollectionEvents.TestCaseStart: Invoking callback 1/1 for Microsoft.TestPlatform.Extensions.BlameDataCollector.BlameCollector.EventsTestCaseStart, took 0 ms.
TpTrace Information: 0 : 8952, 8, 2022/09/16, 21:26:04.599, 9034999139293, datacollector.dll, DataCollectionTestCaseEventHandler: Test case 'badClosingParenthesisTest - 8b153e30-9a02-6341-d26f-cf7ee85321ca' started.
TpTrace Information: 0 : 8952, 8, 2022/09/16, 21:26:04.600, 9034999151084, datacollector.dll, DataCollectionTestCaseEventHandler: Test case completing.
TpTrace Information: 0 : 8952, 8, 2022/09/16, 21:26:04.601, 9034999156619, datacollector.dll, BlameCollector.EventsTestCaseEnd: Test Case End
TpTrace Verbose: 0 : 8952, 8, 2022/09/16, 21:26:04.601, 9034999157191, datacollector.dll, MulticastDelegateUtilities.SafeInvoke: DataCollectionEvents.TestCaseEnd: Invoking callback 1/1 for Microsoft.TestPlatform.Extensions.BlameDataCollector.BlameCollector.EventsTestCaseEnd, took 0 ms.
TpTrace Information: 0 : 8952, 8, 2022/09/16, 21:26:04.601, 9034999158179, datacollector.dll, DataCollectionTestCaseEventHandler: Test case 'badClosingParenthesisTest - 8b153e30-9a02-6341-d26f-cf7ee85321ca' completed
TpTrace Information: 0 : 8952, 8, 2022/09/16, 21:26:04.601, 9034999162702, datacollector.dll, DataCollectionTestCaseEventHandler: Test case starting.
TpTrace Information: 0 : 8952, 8, 2022/09/16, 21:26:04.602, 9034999167737, datacollector.dll, BlameCollector.EventsTestCaseStart: Test Case Start
TpTrace Verbose: 0 : 8952, 8, 2022/09/16, 21:26:04.602, 9034999168923, datacollector.dll, MulticastDelegateUtilities.SafeInvoke: DataCollectionEvents.TestCaseStart: Invoking callback 1/1 for Microsoft.TestPlatform.Extensions.BlameDataCollector.BlameCollector.EventsTestCaseStart, took 0 ms.
TpTrace Information: 0 : 8952, 8, 2022/09/16, 21:26:04.602, 9034999169919, datacollector.dll, DataCollectionTestCaseEventHandler: Test case 'emptyTest - cff95833-dbb1-005f-b33c-cabf77ae95a4' started.
TpTrace Information: 0 : 8952, 8, 2022/09/16, 21:26:04.603, 9034999181061, datacollector.dll, DataCollectionTestCaseEventHandler: Test case completing.
TpTrace Information: 0 : 8952, 8, 2022/09/16, 21:26:04.604, 9034999186850, datacollector.dll, BlameCollector.EventsTestCaseEnd: Test Case End
TpTrace Verbose: 0 : 8952, 8, 2022/09/16, 21:26:04.604, 9034999187444, datacollector.dll, MulticastDelegateUtilities.SafeInvoke: DataCollectionEvents.TestCaseEnd: Invoking callback 1/1 for Microsoft.TestPlatform.Extensions.BlameDataCollector.BlameCollector.EventsTestCaseEnd, took 0 ms.
TpTrace Information: 0 : 8952, 8, 2022/09/16, 21:26:04.604, 9034999188466, datacollector.dll, DataCollectionTestCaseEventHandler: Test case 'emptyTest - cff95833-dbb1-005f-b33c-cabf77ae95a4' completed
TpTrace Information: 0 : 8952, 8, 2022/09/16, 21:26:04.604, 9034999193041, datacollector.dll, DataCollectionTestCaseEventHandler: Test case starting.
TpTrace Information: 0 : 8952, 8, 2022/09/16, 21:26:04.605, 9034999197949, datacollector.dll, BlameCollector.EventsTestCaseStart: Test Case Start
TpTrace Verbose: 0 : 8952, 8, 2022/09/16, 21:26:04.605, 9034999198497, datacollector.dll, MulticastDelegateUtilities.SafeInvoke: DataCollectionEvents.TestCaseStart: Invoking callback 1/1 for Microsoft.TestPlatform.Extensions.BlameDataCollector.BlameCollector.EventsTestCaseStart, took 0 ms.
TpTrace Information: 0 : 8952, 8, 2022/09/16, 21:26:04.605, 9034999199329, datacollector.dll, DataCollectionTestCaseEventHandler: Test case 'startingTokenTest - 17617b12-a9b4-5492-6f9c-bd548d630ea5' started.
TpTrace Information: 0 : 8952, 8, 2022/09/16, 21:26:04.606, 9034999210620, datacollector.dll, DataCollectionTestCaseEventHandler: Test case completing.
TpTrace Information: 0 : 8952, 8, 2022/09/16, 21:26:04.606, 9034999215878, datacollector.dll, BlameCollector.EventsTestCaseEnd: Test Case End
TpTrace Verbose: 0 : 8952, 8, 2022/09/16, 21:26:04.607, 9034999216471, datacollector.dll, MulticastDelegateUtilities.SafeInvoke: DataCollectionEvents.TestCaseEnd: Invoking callback 1/1 for Microsoft.TestPlatform.Extensions.BlameDataCollector.BlameCollector.EventsTestCaseEnd, took 0 ms.
TpTrace Information: 0 : 8952, 8, 2022/09/16, 21:26:04.607, 9034999217396, datacollector.dll, DataCollectionTestCaseEventHandler: Test case 'startingTokenTest - 17617b12-a9b4-5492-6f9c-bd548d630ea5' completed
TpTrace Information: 0 : 8952, 8, 2022/09/16, 21:26:04.607, 9034999222730, datacollector.dll, DataCollectionTestCaseEventHandler: Test case starting.
TpTrace Information: 0 : 8952, 8, 2022/09/16, 21:26:04.608, 9034999228440, datacollector.dll, BlameCollector.EventsTestCaseStart: Test Case Start
TpTrace Verbose: 0 : 8952, 8, 2022/09/16, 21:26:04.608, 9034999229113, datacollector.dll, MulticastDelegateUtilities.SafeInvoke: DataCollectionEvents.TestCaseStart: Invoking callback 1/1 for Microsoft.TestPlatform.Extensions.BlameDataCollector.BlameCollector.EventsTestCaseStart, took 0 ms.
TpTrace Information: 0 : 8952, 8, 2022/09/16, 21:26:04.608, 9034999229980, datacollector.dll, DataCollectionTestCaseEventHandler: Test case 'closingTokenTest - f2215b8e-1e18-0837-5544-54898932d208' started.
TpTrace Information: 0 : 8952, 8, 2022/09/16, 21:26:04.609, 9034999242103, datacollector.dll, DataCollectionTestCaseEventHandler: Test case completing.
TpTrace Information: 0 : 8952, 8, 2022/09/16, 21:26:04.610, 9034999247441, datacollector.dll, BlameCollector.EventsTestCaseEnd: Test Case End
TpTrace Verbose: 0 : 8952, 8, 2022/09/16, 21:26:04.610, 9034999247977, datacollector.dll, MulticastDelegateUtilities.SafeInvoke: DataCollectionEvents.TestCaseEnd: Invoking callback 1/1 for Microsoft.TestPlatform.Extensions.BlameDataCollector.BlameCollector.EventsTestCaseEnd, took 0 ms.
TpTrace Information: 0 : 8952, 8, 2022/09/16, 21:26:04.610, 9034999249076, datacollector.dll, DataCollectionTestCaseEventHandler: Test case 'closingTokenTest - f2215b8e-1e18-0837-5544-54898932d208' completed
TpTrace Information: 0 : 8952, 8, 2022/09/16, 21:26:04.610, 9034999255625, datacollector.dll, DataCollectionTestCaseEventHandler: Test case starting.
TpTrace Information: 0 : 8952, 8, 2022/09/16, 21:26:04.611, 9034999260797, datacollector.dll, BlameCollector.EventsTestCaseStart: Test Case Start
TpTrace Verbose: 0 : 8952, 8, 2022/09/16, 21:26:04.611, 9034999261382, datacollector.dll, MulticastDelegateUtilities.SafeInvoke: DataCollectionEvents.TestCaseStart: Invoking callback 1/1 for Microsoft.TestPlatform.Extensions.BlameDataCollector.BlameCollector.EventsTestCaseStart, took 0 ms.
TpTrace Information: 0 : 8952, 8, 2022/09/16, 21:26:04.611, 9034999262203, datacollector.dll, DataCollectionTestCaseEventHandler: Test case 'invalidTokenTest - d109ac51-7ec8-255a-4a7f-25084643e6be' started.
TpTrace Information: 0 : 8952, 8, 2022/09/16, 21:26:04.612, 9034999274944, datacollector.dll, DataCollectionTestCaseEventHandler: Test case completing.
TpTrace Information: 0 : 8952, 8, 2022/09/16, 21:26:04.613, 9034999284116, datacollector.dll, BlameCollector.EventsTestCaseEnd: Test Case End
TpTrace Verbose: 0 : 8952, 8, 2022/09/16, 21:26:04.613, 9034999285157, datacollector.dll, MulticastDelegateUtilities.SafeInvoke: DataCollectionEvents.TestCaseEnd: Invoking callback 1/1 for Microsoft.TestPlatform.Extensions.BlameDataCollector.BlameCollector.EventsTestCaseEnd, took 0 ms.
TpTrace Information: 0 : 8952, 8, 2022/09/16, 21:26:04.614, 9034999287059, datacollector.dll, DataCollectionTestCaseEventHandler: Test case 'invalidTokenTest - d109ac51-7ec8-255a-4a7f-25084643e6be' completed
TpTrace Information: 0 : 8952, 8, 2022/09/16, 21:26:04.618, 9034999327987, datacollector.dll, DataCollectionTestCaseEventHandler: Test case starting.
TpTrace Information: 0 : 8952, 8, 2022/09/16, 21:26:04.618, 9034999333794, datacollector.dll, BlameCollector.EventsTestCaseStart: Test Case Start
TpTrace Verbose: 0 : 8952, 8, 2022/09/16, 21:26:04.618, 9034999334426, datacollector.dll, MulticastDelegateUtilities.SafeInvoke: DataCollectionEvents.TestCaseStart: Invoking callback 1/1 for Microsoft.TestPlatform.Extensions.BlameDataCollector.BlameCollector.EventsTestCaseStart, took 0 ms.
TpTrace Information: 0 : 8952, 8, 2022/09/16, 21:26:04.618, 9034999335313, datacollector.dll, DataCollectionTestCaseEventHandler: Test case 'TestSingleNumber - 5f35c30f-730a-2106-abe5-871927130b10' started.
TpTrace Information: 0 : 8952, 8, 2022/09/16, 21:26:04.621, 9034999363605, datacollector.dll, DataCollectionTestCaseEventHandler: Test case completing.
TpTrace Information: 0 : 8952, 8, 2022/09/16, 21:26:04.622, 9034999370200, datacollector.dll, BlameCollector.EventsTestCaseEnd: Test Case End
TpTrace Verbose: 0 : 8952, 8, 2022/09/16, 21:26:04.622, 9034999371191, datacollector.dll, MulticastDelegateUtilities.SafeInvoke: DataCollectionEvents.TestCaseEnd: Invoking callback 1/1 for Microsoft.TestPlatform.Extensions.BlameDataCollector.BlameCollector.EventsTestCaseEnd, took 0 ms.
TpTrace Information: 0 : 8952, 8, 2022/09/16, 21:26:04.622, 9034999372639, datacollector.dll, DataCollectionTestCaseEventHandler: Test case 'TestSingleNumber - 5f35c30f-730a-2106-abe5-871927130b10' completed
TpTrace Information: 0 : 8952, 8, 2022/09/16, 21:26:04.623, 9034999377349, datacollector.dll, DataCollectionTestCaseEventHandler: Test case starting.
TpTrace Information: 0 : 8952, 8, 2022/09/16, 21:26:04.623, 9034999384252, datacollector.dll, BlameCollector.EventsTestCaseStart: Test Case Start
TpTrace Verbose: 0 : 8952, 8, 2022/09/16, 21:26:04.623, 9034999385108, datacollector.dll, MulticastDelegateUtilities.SafeInvoke: DataCollectionEvents.TestCaseStart: Invoking callback 1/1 for Microsoft.TestPlatform.Extensions.BlameDataCollector.BlameCollector.EventsTestCaseStart, took 0 ms.
TpTrace Information: 0 : 8952, 8, 2022/09/16, 21:26:04.624, 9034999386143, datacollector.dll, DataCollectionTestCaseEventHandler: Test case 'TestSingleVariable - 7a12f5b3-e506-1054-f154-5be9c106761c' started.
TpTrace Information: 0 : 8952, 8, 2022/09/16, 21:26:04.625, 9034999396556, datacollector.dll, DataCollectionTestCaseEventHandler: Test case completing.
TpTrace Information: 0 : 8952, 8, 2022/09/16, 21:26:04.625, 9034999402245, datacollector.dll, BlameCollector.EventsTestCaseEnd: Test Case End
TpTrace Verbose: 0 : 8952, 8, 2022/09/16, 21:26:04.625, 9034999402835, datacollector.dll, MulticastDelegateUtilities.SafeInvoke: DataCollectionEvents.TestCaseEnd: Invoking callback 1/1 for Microsoft.TestPlatform.Extensions.BlameDataCollector.BlameCollector.EventsTestCaseEnd, took 0 ms.
TpTrace Information: 0 : 8952, 8, 2022/09/16, 21:26:04.625, 9034999403805, datacollector.dll, DataCollectionTestCaseEventHandler: Test case 'TestSingleVariable - 7a12f5b3-e506-1054-f154-5be9c106761c' completed
TpTrace Information: 0 : 8952, 8, 2022/09/16, 21:26:04.626, 9034999408953, datacollector.dll, DataCollectionTestCaseEventHandler: Test case starting.
TpTrace Information: 0 : 8952, 8, 2022/09/16, 21:26:04.626, 9034999414101, datacollector.dll, BlameCollector.EventsTestCaseStart: Test Case Start
TpTrace Verbose: 0 : 8952, 8, 2022/09/16, 21:26:04.626, 9034999414726, datacollector.dll, MulticastDelegateUtilities.SafeInvoke: DataCollectionEvents.TestCaseStart: Invoking callback 1/1 for Microsoft.TestPlatform.Extensions.BlameDataCollector.BlameCollector.EventsTestCaseStart, took 0 ms.
TpTrace Information: 0 : 8952, 8, 2022/09/16, 21:26:04.626, 9034999415752, datacollector.dll, DataCollectionTestCaseEventHandler: Test case 'TestAddition - aa54c16c-2810-c405-d967-248872f0e414' started.
TpTrace Information: 0 : 8952, 8, 2022/09/16, 21:26:04.628, 9034999429118, datacollector.dll, DataCollectionTestCaseEventHandler: Test case completing.
TpTrace Information: 0 : 8952, 8, 2022/09/16, 21:26:04.628, 9034999434642, datacollector.dll, BlameCollector.EventsTestCaseEnd: Test Case End
TpTrace Verbose: 0 : 8952, 8, 2022/09/16, 21:26:04.628, 9034999435201, datacollector.dll, MulticastDelegateUtilities.SafeInvoke: DataCollectionEvents.TestCaseEnd: Invoking callback 1/1 for Microsoft.TestPlatform.Extensions.BlameDataCollector.BlameCollector.EventsTestCaseEnd, took 0 ms.
TpTrace Information: 0 : 8952, 8, 2022/09/16, 21:26:04.629, 9034999436213, datacollector.dll, DataCollectionTestCaseEventHandler: Test case 'TestAddition - aa54c16c-2810-c405-d967-248872f0e414' completed
TpTrace Information: 0 : 8952, 8, 2022/09/16, 21:26:04.630, 9034999454866, datacollector.dll, DataCollectionTestCaseEventHandler: Test case starting.
TpTrace Information: 0 : 8952, 8, 2022/09/16, 21:26:04.631, 9034999460804, datacollector.dll, BlameCollector.EventsTestCaseStart: Test Case Start
TpTrace Verbose: 0 : 8952, 8, 2022/09/16, 21:26:04.631, 9034999461548, datacollector.dll, MulticastDelegateUtilities.SafeInvoke: DataCollectionEvents.TestCaseStart: Invoking callback 1/1 for Microsoft.TestPlatform.Extensions.BlameDataCollector.BlameCollector.EventsTestCaseStart, took 0 ms.
TpTrace Information: 0 : 8952, 8, 2022/09/16, 21:26:04.631, 9034999462508, datacollector.dll, DataCollectionTestCaseEventHandler: Test case 'TestSubtraction - 206c22e9-120e-706d-2e14-7ac91ad84e63' started.
TpTrace Information: 0 : 8952, 8, 2022/09/16, 21:26:04.632, 9034999471953, datacollector.dll, DataCollectionTestCaseEventHandler: Test case completing.
TpTrace Information: 0 : 8952, 8, 2022/09/16, 21:26:04.633, 9034999480419, datacollector.dll, BlameCollector.EventsTestCaseEnd: Test Case End
TpTrace Verbose: 0 : 8952, 8, 2022/09/16, 21:26:04.633, 9034999481306, datacollector.dll, MulticastDelegateUtilities.SafeInvoke: DataCollectionEvents.TestCaseEnd: Invoking callback 1/1 for Microsoft.TestPlatform.Extensions.BlameDataCollector.BlameCollector.EventsTestCaseEnd, took 0 ms.
TpTrace Information: 0 : 8952, 8, 2022/09/16, 21:26:04.633, 9034999482759, datacollector.dll, DataCollectionTestCaseEventHandler: Test case 'TestSubtraction - 206c22e9-120e-706d-2e14-7ac91ad84e63' completed
TpTrace Information: 0 : 8952, 8, 2022/09/16, 21:26:04.634, 9034999487944, datacollector.dll, DataCollectionTestCaseEventHandler: Test case starting.
TpTrace Information: 0 : 8952, 8, 2022/09/16, 21:26:04.634, 9034999493468, datacollector.dll, BlameCollector.EventsTestCaseStart: Test Case Start
TpTrace Verbose: 0 : 8952, 8, 2022/09/16, 21:26:04.634, 9034999494090, datacollector.dll, MulticastDelegateUtilities.SafeInvoke: DataCollectionEvents.TestCaseStart: Invoking callback 1/1 for Microsoft.TestPlatform.Extensions.BlameDataCollector.BlameCollector.EventsTestCaseStart, took 0 ms.
TpTrace Information: 0 : 8952, 8, 2022/09/16, 21:26:04.634, 9034999494928, datacollector.dll, DataCollectionTestCaseEventHandler: Test case 'TestMultiplication - 03663c7a-6495-14ed-ca5c-1af0634b5be6' started.
TpTrace Information: 0 : 8952, 8, 2022/09/16, 21:26:04.635, 9034999503684, datacollector.dll, DataCollectionTestCaseEventHandler: Test case completing.
TpTrace Information: 0 : 8952, 8, 2022/09/16, 21:26:04.636, 9034999509050, datacollector.dll, BlameCollector.EventsTestCaseEnd: Test Case End
TpTrace Verbose: 0 : 8952, 8, 2022/09/16, 21:26:04.636, 9034999509633, datacollector.dll, MulticastDelegateUtilities.SafeInvoke: DataCollectionEvents.TestCaseEnd: Invoking callback 1/1 for Microsoft.TestPlatform.Extensions.BlameDataCollector.BlameCollector.EventsTestCaseEnd, took 0 ms.
TpTrace Information: 0 : 8952, 8, 2022/09/16, 21:26:04.636, 9034999510611, datacollector.dll, DataCollectionTestCaseEventHandler: Test case 'TestMultiplication - 03663c7a-6495-14ed-ca5c-1af0634b5be6' completed
TpTrace Information: 0 : 8952, 8, 2022/09/16, 21:26:04.636, 9034999515227, datacollector.dll, DataCollectionTestCaseEventHandler: Test case starting.
TpTrace Information: 0 : 8952, 8, 2022/09/16, 21:26:04.637, 9034999519974, datacollector.dll, BlameCollector.EventsTestCaseStart: Test Case Start
TpTrace Verbose: 0 : 8952, 8, 2022/09/16, 21:26:04.637, 9034999520529, datacollector.dll, MulticastDelegateUtilities.SafeInvoke: DataCollectionEvents.TestCaseStart: Invoking callback 1/1 for Microsoft.TestPlatform.Extensions.BlameDataCollector.BlameCollector.EventsTestCaseStart, took 0 ms.
TpTrace Information: 0 : 8952, 8, 2022/09/16, 21:26:04.637, 9034999521311, datacollector.dll, DataCollectionTestCaseEventHandler: Test case 'TestDivision - 678b2cc0-fb51-db8a-dfe6-65790238709f' started.
TpTrace Information: 0 : 8952, 8, 2022/09/16, 21:26:04.638, 9034999531097, datacollector.dll, DataCollectionTestCaseEventHandler: Test case completing.
TpTrace Information: 0 : 8952, 8, 2022/09/16, 21:26:04.639, 9034999539778, datacollector.dll, BlameCollector.EventsTestCaseEnd: Test Case End
TpTrace Verbose: 0 : 8952, 8, 2022/09/16, 21:26:04.639, 9034999540837, datacollector.dll, MulticastDelegateUtilities.SafeInvoke: DataCollectionEvents.TestCaseEnd: Invoking callback 1/1 for Microsoft.TestPlatform.Extensions.BlameDataCollector.BlameCollector.EventsTestCaseEnd, took 0 ms.
TpTrace Information: 0 : 8952, 8, 2022/09/16, 21:26:04.639, 9034999542256, datacollector.dll, DataCollectionTestCaseEventHandler: Test case 'TestDivision - 678b2cc0-fb51-db8a-dfe6-65790238709f' completed
TpTrace Information: 0 : 8952, 8, 2022/09/16, 21:26:04.640, 9034999547122, datacollector.dll, DataCollectionTestCaseEventHandler: Test case starting.
TpTrace Information: 0 : 8952, 8, 2022/09/16, 21:26:04.640, 9034999552217, datacollector.dll, BlameCollector.EventsTestCaseStart: Test Case Start
TpTrace Verbose: 0 : 8952, 8, 2022/09/16, 21:26:04.640, 9034999552822, datacollector.dll, MulticastDelegateUtilities.SafeInvoke: DataCollectionEvents.TestCaseStart: Invoking callback 1/1 for Microsoft.TestPlatform.Extensions.BlameDataCollector.BlameCollector.EventsTestCaseStart, took 0 ms.
TpTrace Information: 0 : 8952, 8, 2022/09/16, 21:26:04.640, 9034999553682, datacollector.dll, DataCollectionTestCaseEventHandler: Test case 'TestArithmeticWithVariable - dcf21273-4487-a68f-dcbe-a1dd89326d31' started.
TpTrace Information: 0 : 8952, 8, 2022/09/16, 21:26:04.641, 9034999563095, datacollector.dll, DataCollectionTestCaseEventHandler: Test case completing.
TpTrace Information: 0 : 8952, 8, 2022/09/16, 21:26:04.642, 9034999568469, datacollector.dll, BlameCollector.EventsTestCaseEnd: Test Case End
TpTrace Verbose: 0 : 8952, 8, 2022/09/16, 21:26:04.642, 9034999569037, datacollector.dll, MulticastDelegateUtilities.SafeInvoke: DataCollectionEvents.TestCaseEnd: Invoking callback 1/1 for Microsoft.TestPlatform.Extensions.BlameDataCollector.BlameCollector.EventsTestCaseEnd, took 0 ms.
TpTrace Information: 0 : 8952, 8, 2022/09/16, 21:26:04.642, 9034999570033, datacollector.dll, DataCollectionTestCaseEventHandler: Test case 'TestArithmeticWithVariable - dcf21273-4487-a68f-dcbe-a1dd89326d31' completed
TpTrace Information: 0 : 8952, 8, 2022/09/16, 21:26:04.643, 9034999576452, datacollector.dll, DataCollectionTestCaseEventHandler: Test case starting.
TpTrace Information: 0 : 8952, 8, 2022/09/16, 21:26:04.643, 9034999581263, datacollector.dll, BlameCollector.EventsTestCaseStart: Test Case Start
TpTrace Verbose: 0 : 8952, 8, 2022/09/16, 21:26:04.643, 9034999582237, datacollector.dll, MulticastDelegateUtilities.SafeInvoke: DataCollectionEvents.TestCaseStart: Invoking callback 1/1 for Microsoft.TestPlatform.Extensions.BlameDataCollector.BlameCollector.EventsTestCaseStart, took 0 ms.
TpTrace Information: 0 : 8952, 8, 2022/09/16, 21:26:04.643, 9034999583160, datacollector.dll, DataCollectionTestCaseEventHandler: Test case 'TestUnknownVariable - e49987b5-1def-6bf8-aa5d-a83540540175' started.
TpTrace Information: 0 : 8952, 8, 2022/09/16, 21:26:04.645, 9034999597323, datacollector.dll, DataCollectionTestCaseEventHandler: Test case completing.
TpTrace Information: 0 : 8952, 8, 2022/09/16, 21:26:04.645, 9034999602707, datacollector.dll, BlameCollector.EventsTestCaseEnd: Test Case End
TpTrace Verbose: 0 : 8952, 8, 2022/09/16, 21:26:04.645, 9034999603340, datacollector.dll, MulticastDelegateUtilities.SafeInvoke: DataCollectionEvents.TestCaseEnd: Invoking callback 1/1 for Microsoft.TestPlatform.Extensions.BlameDataCollector.BlameCollector.EventsTestCaseEnd, took 0 ms.
TpTrace Information: 0 : 8952, 8, 2022/09/16, 21:26:04.645, 9034999604255, datacollector.dll, DataCollectionTestCaseEventHandler: Test case 'TestUnknownVariable - e49987b5-1def-6bf8-aa5d-a83540540175' completed
TpTrace Information: 0 : 8952, 8, 2022/09/16, 21:26:04.646, 9034999609191, datacollector.dll, DataCollectionTestCaseEventHandler: Test case starting.
TpTrace Information: 0 : 8952, 8, 2022/09/16, 21:26:04.646, 9034999613920, datacollector.dll, BlameCollector.EventsTestCaseStart: Test Case Start
TpTrace Verbose: 0 : 8952, 8, 2022/09/16, 21:26:04.646, 9034999614489, datacollector.dll, MulticastDelegateUtilities.SafeInvoke: DataCollectionEvents.TestCaseStart: Invoking callback 1/1 for Microsoft.TestPlatform.Extensions.BlameDataCollector.BlameCollector.EventsTestCaseStart, took 0 ms.
TpTrace Information: 0 : 8952, 8, 2022/09/16, 21:26:04.646, 9034999615265, datacollector.dll, DataCollectionTestCaseEventHandler: Test case 'TestLeftToRight - abf98d91-3256-a9f5-d75d-e8b8028734e0' started.
TpTrace Information: 0 : 8952, 8, 2022/09/16, 21:26:04.647, 9034999623664, datacollector.dll, DataCollectionTestCaseEventHandler: Test case completing.
TpTrace Information: 0 : 8952, 8, 2022/09/16, 21:26:04.648, 9034999628769, datacollector.dll, BlameCollector.EventsTestCaseEnd: Test Case End
TpTrace Verbose: 0 : 8952, 8, 2022/09/16, 21:26:04.648, 9034999629358, datacollector.dll, MulticastDelegateUtilities.SafeInvoke: DataCollectionEvents.TestCaseEnd: Invoking callback 1/1 for Microsoft.TestPlatform.Extensions.BlameDataCollector.BlameCollector.EventsTestCaseEnd, took 0 ms.
TpTrace Information: 0 : 8952, 8, 2022/09/16, 21:26:04.648, 9034999630271, datacollector.dll, DataCollectionTestCaseEventHandler: Test case 'TestLeftToRight - abf98d91-3256-a9f5-d75d-e8b8028734e0' completed
TpTrace Information: 0 : 8952, 8, 2022/09/16, 21:26:04.648, 9034999635110, datacollector.dll, DataCollectionTestCaseEventHandler: Test case starting.
TpTrace Information: 0 : 8952, 8, 2022/09/16, 21:26:04.649, 9034999639978, datacollector.dll, BlameCollector.EventsTestCaseStart: Test Case Start
TpTrace Verbose: 0 : 8952, 8, 2022/09/16, 21:26:04.649, 9034999640504, datacollector.dll, MulticastDelegateUtilities.SafeInvoke: DataCollectionEvents.TestCaseStart: Invoking callback 1/1 for Microsoft.TestPlatform.Extensions.BlameDataCollector.BlameCollector.EventsTestCaseStart, took 0 ms.
TpTrace Information: 0 : 8952, 8, 2022/09/16, 21:26:04.649, 9034999641312, datacollector.dll, DataCollectionTestCaseEventHandler: Test case 'TestOrderOperations - e4d908c0-1276-47f7-b984-5bfd1e79e4d7' started.
TpTrace Information: 0 : 8952, 8, 2022/09/16, 21:26:04.650, 9034999650478, datacollector.dll, DataCollectionTestCaseEventHandler: Test case completing.
TpTrace Information: 0 : 8952, 8, 2022/09/16, 21:26:04.650, 9034999655860, datacollector.dll, BlameCollector.EventsTestCaseEnd: Test Case End
TpTrace Verbose: 0 : 8952, 8, 2022/09/16, 21:26:04.651, 9034999656482, datacollector.dll, MulticastDelegateUtilities.SafeInvoke: DataCollectionEvents.TestCaseEnd: Invoking callback 1/1 for Microsoft.TestPlatform.Extensions.BlameDataCollector.BlameCollector.EventsTestCaseEnd, took 0 ms.
TpTrace Information: 0 : 8952, 8, 2022/09/16, 21:26:04.651, 9034999657495, datacollector.dll, DataCollectionTestCaseEventHandler: Test case 'TestOrderOperations - e4d908c0-1276-47f7-b984-5bfd1e79e4d7' completed
TpTrace Information: 0 : 8952, 8, 2022/09/16, 21:26:04.651, 9034999662365, datacollector.dll, DataCollectionTestCaseEventHandler: Test case starting.
TpTrace Information: 0 : 8952, 8, 2022/09/16, 21:26:04.652, 9034999668395, datacollector.dll, BlameCollector.EventsTestCaseStart: Test Case Start
TpTrace Verbose: 0 : 8952, 8, 2022/09/16, 21:26:04.652, 9034999669034, datacollector.dll, MulticastDelegateUtilities.SafeInvoke: DataCollectionEvents.TestCaseStart: Invoking callback 1/1 for Microsoft.TestPlatform.Extensions.BlameDataCollector.BlameCollector.EventsTestCaseStart, took 0 ms.
TpTrace Information: 0 : 8952, 8, 2022/09/16, 21:26:04.652, 9034999669928, datacollector.dll, DataCollectionTestCaseEventHandler: Test case 'TestParenthesesTimes - ea96c480-68bc-2cc6-b23f-c51fd9f4de61' started.
TpTrace Information: 0 : 8952, 8, 2022/09/16, 21:26:04.653, 9034999680943, datacollector.dll, DataCollectionTestCaseEventHandler: Test case completing.
TpTrace Information: 0 : 8952, 8, 2022/09/16, 21:26:04.654, 9034999687248, datacollector.dll, BlameCollector.EventsTestCaseEnd: Test Case End
TpTrace Verbose: 0 : 8952, 8, 2022/09/16, 21:26:04.654, 9034999687850, datacollector.dll, MulticastDelegateUtilities.SafeInvoke: DataCollectionEvents.TestCaseEnd: Invoking callback 1/1 for Microsoft.TestPlatform.Extensions.BlameDataCollector.BlameCollector.EventsTestCaseEnd, took 0 ms.
TpTrace Information: 0 : 8952, 8, 2022/09/16, 21:26:04.654, 9034999688827, datacollector.dll, DataCollectionTestCaseEventHandler: Test case 'TestParenthesesTimes - ea96c480-68bc-2cc6-b23f-c51fd9f4de61' completed
TpTrace Information: 0 : 8952, 8, 2022/09/16, 21:26:04.654, 9034999693410, datacollector.dll, DataCollectionTestCaseEventHandler: Test case starting.
TpTrace Information: 0 : 8952, 8, 2022/09/16, 21:26:04.655, 9034999698382, datacollector.dll, BlameCollector.EventsTestCaseStart: Test Case Start
TpTrace Verbose: 0 : 8952, 8, 2022/09/16, 21:26:04.655, 9034999698943, datacollector.dll, MulticastDelegateUtilities.SafeInvoke: DataCollectionEvents.TestCaseStart: Invoking callback 1/1 for Microsoft.TestPlatform.Extensions.BlameDataCollector.BlameCollector.EventsTestCaseStart, took 0 ms.
TpTrace Information: 0 : 8952, 8, 2022/09/16, 21:26:04.655, 9034999699732, datacollector.dll, DataCollectionTestCaseEventHandler: Test case 'TestTimesParentheses - 594aa04c-ef51-1d96-cccc-f9b8b7077b2e' started.
TpTrace Information: 0 : 8952, 8, 2022/09/16, 21:26:04.656, 9034999708370, datacollector.dll, DataCollectionTestCaseEventHandler: Test case completing.
TpTrace Information: 0 : 8952, 8, 2022/09/16, 21:26:04.656, 9034999713445, datacollector.dll, BlameCollector.EventsTestCaseEnd: Test Case End
TpTrace Verbose: 0 : 8952, 8, 2022/09/16, 21:26:04.656, 9034999713997, datacollector.dll, MulticastDelegateUtilities.SafeInvoke: DataCollectionEvents.TestCaseEnd: Invoking callback 1/1 for Microsoft.TestPlatform.Extensions.BlameDataCollector.BlameCollector.EventsTestCaseEnd, took 0 ms.
TpTrace Information: 0 : 8952, 8, 2022/09/16, 21:26:04.656, 9034999714881, datacollector.dll, DataCollectionTestCaseEventHandler: Test case 'TestTimesParentheses - 594aa04c-ef51-1d96-cccc-f9b8b7077b2e' completed
TpTrace Information: 0 : 8952, 8, 2022/09/16, 21:26:04.658, 9034999733272, datacollector.dll, DataCollectionTestCaseEventHandler: Test case starting.
TpTrace Information: 0 : 8952, 8, 2022/09/16, 21:26:04.659, 9034999738896, datacollector.dll, BlameCollector.EventsTestCaseStart: Test Case Start
TpTrace Verbose: 0 : 8952, 8, 2022/09/16, 21:26:04.659, 9034999739455, datacollector.dll, MulticastDelegateUtilities.SafeInvoke: DataCollectionEvents.TestCaseStart: Invoking callback 1/1 for Microsoft.TestPlatform.Extensions.BlameDataCollector.BlameCollector.EventsTestCaseStart, took 0 ms.
TpTrace Information: 0 : 8952, 8, 2022/09/16, 21:26:04.659, 9034999740371, datacollector.dll, DataCollectionTestCaseEventHandler: Test case 'TestPlusParentheses - e18792f3-284e-829c-dd80-b31e8037e8e5' started.
TpTrace Information: 0 : 8952, 8, 2022/09/16, 21:26:04.660, 9034999750152, datacollector.dll, DataCollectionTestCaseEventHandler: Test case completing.
TpTrace Information: 0 : 8952, 8, 2022/09/16, 21:26:04.663, 9034999777064, datacollector.dll, BlameCollector.EventsTestCaseEnd: Test Case End
TpTrace Verbose: 0 : 8952, 8, 2022/09/16, 21:26:04.663, 9034999777827, datacollector.dll, MulticastDelegateUtilities.SafeInvoke: DataCollectionEvents.TestCaseEnd: Invoking callback 1/1 for Microsoft.TestPlatform.Extensions.BlameDataCollector.BlameCollector.EventsTestCaseEnd, took 0 ms.
TpTrace Information: 0 : 8952, 8, 2022/09/16, 21:26:04.663, 9034999778845, datacollector.dll, DataCollectionTestCaseEventHandler: Test case 'TestPlusParentheses - e18792f3-284e-829c-dd80-b31e8037e8e5' completed
TpTrace Information: 0 : 8952, 8, 2022/09/16, 21:26:04.663, 9034999783445, datacollector.dll, DataCollectionTestCaseEventHandler: Test case starting.
TpTrace Information: 0 : 8952, 8, 2022/09/16, 21:26:04.664, 9034999787682, datacollector.dll, BlameCollector.EventsTestCaseStart: Test Case Start
TpTrace Verbose: 0 : 8952, 8, 2022/09/16, 21:26:04.664, 9034999788163, datacollector.dll, MulticastDelegateUtilities.SafeInvoke: DataCollectionEvents.TestCaseStart: Invoking callback 1/1 for Microsoft.TestPlatform.Extensions.BlameDataCollector.BlameCollector.EventsTestCaseStart, took 0 ms.
TpTrace Information: 0 : 8952, 8, 2022/09/16, 21:26:04.664, 9034999788851, datacollector.dll, DataCollectionTestCaseEventHandler: Test case 'TestPlusComplex - bb864f9a-ca0f-e89d-a955-85defa3c723d' started.
TpTrace Information: 0 : 8952, 8, 2022/09/16, 21:26:04.665, 9034999796894, datacollector.dll, DataCollectionTestCaseEventHandler: Test case completing.
TpTrace Information: 0 : 8952, 8, 2022/09/16, 21:26:04.665, 9034999801392, datacollector.dll, BlameCollector.EventsTestCaseEnd: Test Case End
TpTrace Verbose: 0 : 8952, 8, 2022/09/16, 21:26:04.665, 9034999801912, datacollector.dll, MulticastDelegateUtilities.SafeInvoke: DataCollectionEvents.TestCaseEnd: Invoking callback 1/1 for Microsoft.TestPlatform.Extensions.BlameDataCollector.BlameCollector.EventsTestCaseEnd, took 0 ms.
TpTrace Information: 0 : 8952, 8, 2022/09/16, 21:26:04.665, 9034999802786, datacollector.dll, DataCollectionTestCaseEventHandler: Test case 'TestPlusComplex - bb864f9a-ca0f-e89d-a955-85defa3c723d' completed
TpTrace Information: 0 : 8952, 8, 2022/09/16, 21:26:04.666, 9034999806872, datacollector.dll, DataCollectionTestCaseEventHandler: Test case starting.
TpTrace Information: 0 : 8952, 8, 2022/09/16, 21:26:04.666, 9034999811119, datacollector.dll, BlameCollector.EventsTestCaseStart: Test Case Start
TpTrace Verbose: 0 : 8952, 8, 2022/09/16, 21:26:04.666, 9034999811649, datacollector.dll, MulticastDelegateUtilities.SafeInvoke: DataCollectionEvents.TestCaseStart: Invoking callback 1/1 for Microsoft.TestPlatform.Extensions.BlameDataCollector.BlameCollector.EventsTestCaseStart, took 0 ms.
TpTrace Information: 0 : 8952, 8, 2022/09/16, 21:26:04.666, 9034999812389, datacollector.dll, DataCollectionTestCaseEventHandler: Test case 'TestOperatorAfterParens - 856e1654-ad1b-a949-b98e-78183e477021' started.
TpTrace Information: 0 : 8952, 8, 2022/09/16, 21:26:04.667, 9034999819717, datacollector.dll, DataCollectionTestCaseEventHandler: Test case completing.
TpTrace Information: 0 : 8952, 8, 2022/09/16, 21:26:04.667, 9034999824168, datacollector.dll, BlameCollector.EventsTestCaseEnd: Test Case End
TpTrace Verbose: 0 : 8952, 8, 2022/09/16, 21:26:04.667, 9034999824792, datacollector.dll, MulticastDelegateUtilities.SafeInvoke: DataCollectionEvents.TestCaseEnd: Invoking callback 1/1 for Microsoft.TestPlatform.Extensions.BlameDataCollector.BlameCollector.EventsTestCaseEnd, took 0 ms.
TpTrace Information: 0 : 8952, 8, 2022/09/16, 21:26:04.667, 9034999825634, datacollector.dll, DataCollectionTestCaseEventHandler: Test case 'TestOperatorAfterParens - 856e1654-ad1b-a949-b98e-78183e477021' completed
TpTrace Information: 0 : 8952, 8, 2022/09/16, 21:26:04.668, 9034999829426, datacollector.dll, DataCollectionTestCaseEventHandler: Test case starting.
TpTrace Information: 0 : 8952, 8, 2022/09/16, 21:26:04.668, 9034999833726, datacollector.dll, BlameCollector.EventsTestCaseStart: Test Case Start
TpTrace Verbose: 0 : 8952, 8, 2022/09/16, 21:26:04.668, 9034999834216, datacollector.dll, MulticastDelegateUtilities.SafeInvoke: DataCollectionEvents.TestCaseStart: Invoking callback 1/1 for Microsoft.TestPlatform.Extensions.BlameDataCollector.BlameCollector.EventsTestCaseStart, took 0 ms.
TpTrace Information: 0 : 8952, 8, 2022/09/16, 21:26:04.668, 9034999835067, datacollector.dll, DataCollectionTestCaseEventHandler: Test case 'TestComplexTimesParentheses - 294e5d05-3d3d-3c99-2669-7f043bbe5db9' started.
TpTrace Information: 0 : 8952, 8, 2022/09/16, 21:26:04.669, 9034999842143, datacollector.dll, DataCollectionTestCaseEventHandler: Test case completing.
TpTrace Information: 0 : 8952, 8, 2022/09/16, 21:26:04.670, 9034999850276, datacollector.dll, BlameCollector.EventsTestCaseEnd: Test Case End
TpTrace Verbose: 0 : 8952, 8, 2022/09/16, 21:26:04.670, 9034999851258, datacollector.dll, MulticastDelegateUtilities.SafeInvoke: DataCollectionEvents.TestCaseEnd: Invoking callback 1/1 for Microsoft.TestPlatform.Extensions.BlameDataCollector.BlameCollector.EventsTestCaseEnd, took 0 ms.
TpTrace Information: 0 : 8952, 8, 2022/09/16, 21:26:04.670, 9034999852389, datacollector.dll, DataCollectionTestCaseEventHandler: Test case 'TestComplexTimesParentheses - 294e5d05-3d3d-3c99-2669-7f043bbe5db9' completed
TpTrace Information: 0 : 8952, 8, 2022/09/16, 21:26:04.671, 9034999858942, datacollector.dll, DataCollectionTestCaseEventHandler: Test case starting.
TpTrace Information: 0 : 8952, 8, 2022/09/16, 21:26:04.671, 9034999864137, datacollector.dll, BlameCollector.EventsTestCaseStart: Test Case Start
TpTrace Verbose: 0 : 8952, 8, 2022/09/16, 21:26:04.671, 9034999864753, datacollector.dll, MulticastDelegateUtilities.SafeInvoke: DataCollectionEvents.TestCaseStart: Invoking callback 1/1 for Microsoft.TestPlatform.Extensions.BlameDataCollector.BlameCollector.EventsTestCaseStart, took 0 ms.
TpTrace Information: 0 : 8952, 8, 2022/09/16, 21:26:04.671, 9034999865540, datacollector.dll, DataCollectionTestCaseEventHandler: Test case 'TestComplexAndParentheses - 16a9cf52-3526-aec5-5f27-7805b5bdf04b' started.
TpTrace Information: 0 : 8952, 8, 2022/09/16, 21:26:04.673, 9034999876842, datacollector.dll, DataCollectionTestCaseEventHandler: Test case completing.
TpTrace Information: 0 : 8952, 8, 2022/09/16, 21:26:04.673, 9034999881737, datacollector.dll, BlameCollector.EventsTestCaseEnd: Test Case End
TpTrace Verbose: 0 : 8952, 8, 2022/09/16, 21:26:04.673, 9034999882226, datacollector.dll, MulticastDelegateUtilities.SafeInvoke: DataCollectionEvents.TestCaseEnd: Invoking callback 1/1 for Microsoft.TestPlatform.Extensions.BlameDataCollector.BlameCollector.EventsTestCaseEnd, took 0 ms.
TpTrace Information: 0 : 8952, 8, 2022/09/16, 21:26:04.673, 9034999883725, datacollector.dll, DataCollectionTestCaseEventHandler: Test case 'TestComplexAndParentheses - 16a9cf52-3526-aec5-5f27-7805b5bdf04b' completed
TpTrace Information: 0 : 8952, 8, 2022/09/16, 21:26:04.674, 9034999887880, datacollector.dll, DataCollectionTestCaseEventHandler: Test case starting.
TpTrace Information: 0 : 8952, 8, 2022/09/16, 21:26:04.674, 9034999892130, datacollector.dll, BlameCollector.EventsTestCaseStart: Test Case Start
TpTrace Verbose: 0 : 8952, 8, 2022/09/16, 21:26:04.674, 9034999892615, datacollector.dll, MulticastDelegateUtilities.SafeInvoke: DataCollectionEvents.TestCaseStart: Invoking callback 1/1 for Microsoft.TestPlatform.Extensions.BlameDataCollector.BlameCollector.EventsTestCaseStart, took 0 ms.
TpTrace Information: 0 : 8952, 8, 2022/09/16, 21:26:04.674, 9034999893326, datacollector.dll, DataCollectionTestCaseEventHandler: Test case 'TestDivideByZero - 622abc61-8127-814b-5229-95c2370270eb' started.
TpTrace Information: 0 : 8952, 8, 2022/09/16, 21:26:04.675, 9034999904896, datacollector.dll, DataCollectionTestCaseEventHandler: Test case completing.
TpTrace Information: 0 : 8952, 8, 2022/09/16, 21:26:04.676, 9034999909667, datacollector.dll, BlameCollector.EventsTestCaseEnd: Test Case End
TpTrace Verbose: 0 : 8952, 8, 2022/09/16, 21:26:04.676, 9034999910170, datacollector.dll, MulticastDelegateUtilities.SafeInvoke: DataCollectionEvents.TestCaseEnd: Invoking callback 1/1 for Microsoft.TestPlatform.Extensions.BlameDataCollector.BlameCollector.EventsTestCaseEnd, took 0 ms.
TpTrace Information: 0 : 8952, 8, 2022/09/16, 21:26:04.676, 9034999911015, datacollector.dll, DataCollectionTestCaseEventHandler: Test case 'TestDivideByZero - 622abc61-8127-814b-5229-95c2370270eb' completed
TpTrace Information: 0 : 8952, 8, 2022/09/16, 21:26:04.676, 9034999914923, datacollector.dll, DataCollectionTestCaseEventHandler: Test case starting.
TpTrace Information: 0 : 8952, 8, 2022/09/16, 21:26:04.677, 9034999919332, datacollector.dll, BlameCollector.EventsTestCaseStart: Test Case Start
TpTrace Verbose: 0 : 8952, 8, 2022/09/16, 21:26:04.677, 9034999919825, datacollector.dll, MulticastDelegateUtilities.SafeInvoke: DataCollectionEvents.TestCaseStart: Invoking callback 1/1 for Microsoft.TestPlatform.Extensions.BlameDataCollector.BlameCollector.EventsTestCaseStart, took 0 ms.
TpTrace Information: 0 : 8952, 8, 2022/09/16, 21:26:04.677, 9034999920534, datacollector.dll, DataCollectionTestCaseEventHandler: Test case 'TestToString - 8bc6df33-7828-a5e7-3d02-e1530cbd3f3f' started.
TpTrace Information: 0 : 8952, 8, 2022/09/16, 21:26:04.678, 9034999930714, datacollector.dll, DataCollectionTestCaseEventHandler: Test case completing.
TpTrace Information: 0 : 8952, 8, 2022/09/16, 21:26:04.678, 9034999935131, datacollector.dll, BlameCollector.EventsTestCaseEnd: Test Case End
TpTrace Verbose: 0 : 8952, 8, 2022/09/16, 21:26:04.678, 9034999935745, datacollector.dll, MulticastDelegateUtilities.SafeInvoke: DataCollectionEvents.TestCaseEnd: Invoking callback 1/1 for Microsoft.TestPlatform.Extensions.BlameDataCollector.BlameCollector.EventsTestCaseEnd, took 0 ms.
TpTrace Information: 0 : 8952, 8, 2022/09/16, 21:26:04.679, 9034999936577, datacollector.dll, DataCollectionTestCaseEventHandler: Test case 'TestToString - 8bc6df33-7828-a5e7-3d02-e1530cbd3f3f' completed
TpTrace Information: 0 : 8952, 8, 2022/09/16, 21:26:04.679, 9034999940257, datacollector.dll, DataCollectionTestCaseEventHandler: Test case starting.
TpTrace Information: 0 : 8952, 8, 2022/09/16, 21:26:04.679, 9034999944745, datacollector.dll, BlameCollector.EventsTestCaseStart: Test Case Start
TpTrace Verbose: 0 : 8952, 8, 2022/09/16, 21:26:04.679, 9034999945373, datacollector.dll, MulticastDelegateUtilities.SafeInvoke: DataCollectionEvents.TestCaseStart: Invoking callback 1/1 for Microsoft.TestPlatform.Extensions.BlameDataCollector.BlameCollector.EventsTestCaseStart, took 0 ms.
TpTrace Information: 0 : 8952, 8, 2022/09/16, 21:26:04.680, 9034999946104, datacollector.dll, DataCollectionTestCaseEventHandler: Test case 'TestSingleOperator - 3cd327ab-2ff4-204d-dbd1-aa92e486c3de' started.
TpTrace Information: 0 : 8952, 8, 2022/09/16, 21:26:04.681, 9034999956766, datacollector.dll, DataCollectionTestCaseEventHandler: Test case completing.
TpTrace Information: 0 : 8952, 8, 2022/09/16, 21:26:04.681, 9034999961136, datacollector.dll, BlameCollector.EventsTestCaseEnd: Test Case End
TpTrace Verbose: 0 : 8952, 8, 2022/09/16, 21:26:04.681, 9034999961614, datacollector.dll, MulticastDelegateUtilities.SafeInvoke: DataCollectionEvents.TestCaseEnd: Invoking callback 1/1 for Microsoft.TestPlatform.Extensions.BlameDataCollector.BlameCollector.EventsTestCaseEnd, took 0 ms.
TpTrace Information: 0 : 8952, 8, 2022/09/16, 21:26:04.681, 9034999962407, datacollector.dll, DataCollectionTestCaseEventHandler: Test case 'TestSingleOperator - 3cd327ab-2ff4-204d-dbd1-aa92e486c3de' completed
TpTrace Information: 0 : 8952, 8, 2022/09/16, 21:26:04.682, 9034999966477, datacollector.dll, DataCollectionTestCaseEventHandler: Test case starting.
TpTrace Information: 0 : 8952, 8, 2022/09/16, 21:26:04.682, 9034999970556, datacollector.dll, BlameCollector.EventsTestCaseStart: Test Case Start
TpTrace Verbose: 0 : 8952, 8, 2022/09/16, 21:26:04.682, 9034999971020, datacollector.dll, MulticastDelegateUtilities.SafeInvoke: DataCollectionEvents.TestCaseStart: Invoking callback 1/1 for Microsoft.TestPlatform.Extensions.BlameDataCollector.BlameCollector.EventsTestCaseStart, took 0 ms.
TpTrace Information: 0 : 8952, 8, 2022/09/16, 21:26:04.682, 9034999971688, datacollector.dll, DataCollectionTestCaseEventHandler: Test case 'TestExtraOperator - c9309e3d-7220-d518-3fe2-ce76a4b84883' started.
TpTrace Information: 0 : 8952, 8, 2022/09/16, 21:26:04.683, 9034999982716, datacollector.dll, DataCollectionTestCaseEventHandler: Test case completing.
TpTrace Information: 0 : 8952, 8, 2022/09/16, 21:26:04.684, 9034999986998, datacollector.dll, BlameCollector.EventsTestCaseEnd: Test Case End
TpTrace Verbose: 0 : 8952, 8, 2022/09/16, 21:26:04.684, 9034999987463, datacollector.dll, MulticastDelegateUtilities.SafeInvoke: DataCollectionEvents.TestCaseEnd: Invoking callback 1/1 for Microsoft.TestPlatform.Extensions.BlameDataCollector.BlameCollector.EventsTestCaseEnd, took 0 ms.
TpTrace Information: 0 : 8952, 8, 2022/09/16, 21:26:04.684, 9034999988251, datacollector.dll, DataCollectionTestCaseEventHandler: Test case 'TestExtraOperator - c9309e3d-7220-d518-3fe2-ce76a4b84883' completed
TpTrace Information: 0 : 8952, 8, 2022/09/16, 21:26:04.686, 9035000007361, datacollector.dll, DataCollectionTestCaseEventHandler: Test case starting.
TpTrace Information: 0 : 8952, 8, 2022/09/16, 21:26:04.686, 9035000014614, datacollector.dll, BlameCollector.EventsTestCaseStart: Test Case Start
TpTrace Verbose: 0 : 8952, 8, 2022/09/16, 21:26:04.686, 9035000015471, datacollector.dll, MulticastDelegateUtilities.SafeInvoke: DataCollectionEvents.TestCaseStart: Invoking callback 1/1 for Microsoft.TestPlatform.Extensions.BlameDataCollector.BlameCollector.EventsTestCaseStart, took 0 ms.
TpTrace Information: 0 : 8952, 8, 2022/09/16, 21:26:04.687, 9035000016472, datacollector.dll, DataCollectionTestCaseEventHandler: Test case 'TestExtraParentheses - 572c4470-abb0-687f-c17d-4ab2a9b63197' started.
TpTrace Information: 0 : 8952, 8, 2022/09/16, 21:26:04.688, 9035000028921, datacollector.dll, DataCollectionTestCaseEventHandler: Test case completing.
TpTrace Information: 0 : 8952, 8, 2022/09/16, 21:26:04.688, 9035000033328, datacollector.dll, BlameCollector.EventsTestCaseEnd: Test Case End
TpTrace Verbose: 0 : 8952, 8, 2022/09/16, 21:26:04.688, 9035000033798, datacollector.dll, MulticastDelegateUtilities.SafeInvoke: DataCollectionEvents.TestCaseEnd: Invoking callback 1/1 for Microsoft.TestPlatform.Extensions.BlameDataCollector.BlameCollector.EventsTestCaseEnd, took 0 ms.
TpTrace Information: 0 : 8952, 8, 2022/09/16, 21:26:04.688, 9035000034621, datacollector.dll, DataCollectionTestCaseEventHandler: Test case 'TestExtraParentheses - 572c4470-abb0-687f-c17d-4ab2a9b63197' completed
TpTrace Information: 0 : 8952, 8, 2022/09/16, 21:26:04.689, 9035000039128, datacollector.dll, DataCollectionTestCaseEventHandler: Test case starting.
TpTrace Information: 0 : 8952, 8, 2022/09/16, 21:26:04.689, 9035000043339, datacollector.dll, BlameCollector.EventsTestCaseStart: Test Case Start
TpTrace Verbose: 0 : 8952, 8, 2022/09/16, 21:26:04.689, 9035000043817, datacollector.dll, MulticastDelegateUtilities.SafeInvoke: DataCollectionEvents.TestCaseStart: Invoking callback 1/1 for Microsoft.TestPlatform.Extensions.BlameDataCollector.BlameCollector.EventsTestCaseStart, took 0 ms.
TpTrace Information: 0 : 8952, 8, 2022/09/16, 21:26:04.689, 9035000044491, datacollector.dll, DataCollectionTestCaseEventHandler: Test case 'TestParensNoOperator - 24e989f1-c172-4c1e-1723-51b08d60d354' started.
TpTrace Information: 0 : 8952, 8, 2022/09/16, 21:26:04.691, 9035000055970, datacollector.dll, DataCollectionTestCaseEventHandler: Test case completing.
TpTrace Information: 0 : 8952, 8, 2022/09/16, 21:26:04.691, 9035000060453, datacollector.dll, BlameCollector.EventsTestCaseEnd: Test Case End
TpTrace Verbose: 0 : 8952, 8, 2022/09/16, 21:26:04.691, 9035000060923, datacollector.dll, MulticastDelegateUtilities.SafeInvoke: DataCollectionEvents.TestCaseEnd: Invoking callback 1/1 for Microsoft.TestPlatform.Extensions.BlameDataCollector.BlameCollector.EventsTestCaseEnd, took 0 ms.
TpTrace Information: 0 : 8952, 8, 2022/09/16, 21:26:04.691, 9035000061700, datacollector.dll, DataCollectionTestCaseEventHandler: Test case 'TestParensNoOperator - 24e989f1-c172-4c1e-1723-51b08d60d354' completed
TpTrace Information: 0 : 8952, 8, 2022/09/16, 21:26:04.692, 9035000066149, datacollector.dll, DataCollectionTestCaseEventHandler: Test case starting.
TpTrace Information: 0 : 8952, 8, 2022/09/16, 21:26:04.692, 9035000070032, datacollector.dll, BlameCollector.EventsTestCaseStart: Test Case Start
TpTrace Verbose: 0 : 8952, 8, 2022/09/16, 21:26:04.692, 9035000070465, datacollector.dll, MulticastDelegateUtilities.SafeInvoke: DataCollectionEvents.TestCaseStart: Invoking callback 1/1 for Microsoft.TestPlatform.Extensions.BlameDataCollector.BlameCollector.EventsTestCaseStart, took 0 ms.
TpTrace Information: 0 : 8952, 8, 2022/09/16, 21:26:04.692, 9035000071093, datacollector.dll, DataCollectionTestCaseEventHandler: Test case 'TestComplexMultiVar - 2ec6ec22-e406-8e2f-e453-e6e809307960' started.
TpTrace Information: 0 : 8952, 8, 2022/09/16, 21:26:04.693, 9035000082313, datacollector.dll, DataCollectionTestCaseEventHandler: Test case completing.
TpTrace Information: 0 : 8952, 8, 2022/09/16, 21:26:04.694, 9035000087582, datacollector.dll, BlameCollector.EventsTestCaseEnd: Test Case End
TpTrace Verbose: 0 : 8952, 8, 2022/09/16, 21:26:04.694, 9035000088136, datacollector.dll, MulticastDelegateUtilities.SafeInvoke: DataCollectionEvents.TestCaseEnd: Invoking callback 1/1 for Microsoft.TestPlatform.Extensions.BlameDataCollector.BlameCollector.EventsTestCaseEnd, took 0 ms.
TpTrace Information: 0 : 8952, 8, 2022/09/16, 21:26:04.694, 9035000089082, datacollector.dll, DataCollectionTestCaseEventHandler: Test case 'TestComplexMultiVar - 2ec6ec22-e406-8e2f-e453-e6e809307960' completed
TpTrace Information: 0 : 8952, 8, 2022/09/16, 21:26:04.694, 9035000093563, datacollector.dll, DataCollectionTestCaseEventHandler: Test case starting.
TpTrace Information: 0 : 8952, 8, 2022/09/16, 21:26:04.695, 9035000097625, datacollector.dll, BlameCollector.EventsTestCaseStart: Test Case Start
TpTrace Verbose: 0 : 8952, 8, 2022/09/16, 21:26:04.695, 9035000098078, datacollector.dll, MulticastDelegateUtilities.SafeInvoke: DataCollectionEvents.TestCaseStart: Invoking callback 1/1 for Microsoft.TestPlatform.Extensions.BlameDataCollector.BlameCollector.EventsTestCaseStart, took 0 ms.
TpTrace Information: 0 : 8952, 8, 2022/09/16, 21:26:04.695, 9035000098711, datacollector.dll, DataCollectionTestCaseEventHandler: Test case 'TestComplexNestedParensRight - 1272b522-e484-69a7-6a49-475bc35f1646' started.
TpTrace Information: 0 : 8952, 8, 2022/09/16, 21:26:04.696, 9035000107501, datacollector.dll, DataCollectionTestCaseEventHandler: Test case completing.
TpTrace Information: 0 : 8952, 8, 2022/09/16, 21:26:04.696, 9035000111535, datacollector.dll, BlameCollector.EventsTestCaseEnd: Test Case End
TpTrace Verbose: 0 : 8952, 8, 2022/09/16, 21:26:04.696, 9035000111971, datacollector.dll, MulticastDelegateUtilities.SafeInvoke: DataCollectionEvents.TestCaseEnd: Invoking callback 1/1 for Microsoft.TestPlatform.Extensions.BlameDataCollector.BlameCollector.EventsTestCaseEnd, took 0 ms.
TpTrace Information: 0 : 8952, 8, 2022/09/16, 21:26:04.696, 9035000112694, datacollector.dll, DataCollectionTestCaseEventHandler: Test case 'TestComplexNestedParensRight - 1272b522-e484-69a7-6a49-475bc35f1646' completed
TpTrace Information: 0 : 8952, 8, 2022/09/16, 21:26:04.697, 9035000116660, datacollector.dll, DataCollectionTestCaseEventHandler: Test case starting.
TpTrace Information: 0 : 8952, 8, 2022/09/16, 21:26:04.697, 9035000124731, datacollector.dll, BlameCollector.EventsTestCaseStart: Test Case Start
TpTrace Verbose: 0 : 8952, 8, 2022/09/16, 21:26:04.697, 9035000125492, datacollector.dll, MulticastDelegateUtilities.SafeInvoke: DataCollectionEvents.TestCaseStart: Invoking callback 1/1 for Microsoft.TestPlatform.Extensions.BlameDataCollector.BlameCollector.EventsTestCaseStart, took 0 ms.
TpTrace Information: 0 : 8952, 8, 2022/09/16, 21:26:04.698, 9035000126175, datacollector.dll, DataCollectionTestCaseEventHandler: Test case 'TestComplexNestedParensLeft - 041cc7f5-6a4b-9b2d-b1e3-bfc5ea4f1cbc' started.
TpTrace Information: 0 : 8952, 8, 2022/09/16, 21:26:04.698, 9035000134782, datacollector.dll, DataCollectionTestCaseEventHandler: Test case completing.
TpTrace Information: 0 : 8952, 8, 2022/09/16, 21:26:04.699, 9035000139394, datacollector.dll, BlameCollector.EventsTestCaseEnd: Test Case End
TpTrace Verbose: 0 : 8952, 8, 2022/09/16, 21:26:04.699, 9035000139867, datacollector.dll, MulticastDelegateUtilities.SafeInvoke: DataCollectionEvents.TestCaseEnd: Invoking callback 1/1 for Microsoft.TestPlatform.Extensions.BlameDataCollector.BlameCollector.EventsTestCaseEnd, took 0 ms.
TpTrace Information: 0 : 8952, 8, 2022/09/16, 21:26:04.699, 9035000140635, datacollector.dll, DataCollectionTestCaseEventHandler: Test case 'TestComplexNestedParensLeft - 041cc7f5-6a4b-9b2d-b1e3-bfc5ea4f1cbc' completed
TpTrace Information: 0 : 8952, 8, 2022/09/16, 21:26:04.699, 9035000144997, datacollector.dll, DataCollectionTestCaseEventHandler: Test case starting.
TpTrace Information: 0 : 8952, 8, 2022/09/16, 21:26:04.700, 9035000149195, datacollector.dll, BlameCollector.EventsTestCaseStart: Test Case Start
TpTrace Verbose: 0 : 8952, 8, 2022/09/16, 21:26:04.700, 9035000149665, datacollector.dll, MulticastDelegateUtilities.SafeInvoke: DataCollectionEvents.TestCaseStart: Invoking callback 1/1 for Microsoft.TestPlatform.Extensions.BlameDataCollector.BlameCollector.EventsTestCaseStart, took 0 ms.
TpTrace Information: 0 : 8952, 8, 2022/09/16, 21:26:04.700, 9035000150322, datacollector.dll, DataCollectionTestCaseEventHandler: Test case 'TestRepeatedVar - e70a7517-0d90-b4f1-4800-5edefab27acf' started.
TpTrace Information: 0 : 8952, 8, 2022/09/16, 21:26:04.701, 9035000161341, datacollector.dll, DataCollectionTestCaseEventHandler: Test case completing.
TpTrace Information: 0 : 8952, 8, 2022/09/16, 21:26:04.702, 9035000166538, datacollector.dll, BlameCollector.EventsTestCaseEnd: Test Case End
TpTrace Verbose: 0 : 8952, 8, 2022/09/16, 21:26:04.702, 9035000167045, datacollector.dll, MulticastDelegateUtilities.SafeInvoke: DataCollectionEvents.TestCaseEnd: Invoking callback 1/1 for Microsoft.TestPlatform.Extensions.BlameDataCollector.BlameCollector.EventsTestCaseEnd, took 0 ms.
TpTrace Information: 0 : 8952, 8, 2022/09/16, 21:26:04.702, 9035000168064, datacollector.dll, DataCollectionTestCaseEventHandler: Test case 'TestRepeatedVar - e70a7517-0d90-b4f1-4800-5edefab27acf' completed
TpTrace Information: 0 : 8952, 8, 2022/09/16, 21:26:04.707, 9035000217547, datacollector.dll, DataCollectionTestCaseEventHandler: Test session ended
TpTrace Information: 0 : 8952, 1, 2022/09/16, 21:26:04.743, 9035000581271, datacollector.dll, DataCollectionRequestHandler.ProcessRequests: Datacollector received message: (DataCollection.AfterTestRunEnd) -> {"MessageType":"DataCollection.AfterTestRunEnd","Payload":false}
TpTrace Information: 0 : 8952, 1, 2022/09/16, 21:26:04.744, 9035000589114, datacollector.dll, Blame Collector: Session End
TpTrace Information: 0 : 8952, 1, 2022/09/16, 21:26:04.744, 9035000589657, datacollector.dll, BlameCollector.CollectDumpAndAbortTesthost: Custom path to dump directory was provided via VSTEST_DUMP_PATH. Skipping attachment upload, the caller is responsible for collecting and uploading the dumps themselves.
TpTrace Verbose: 0 : 8952, 1, 2022/09/16, 21:26:04.744, 9035000590366, datacollector.dll, MulticastDelegateUtilities.SafeInvoke: DataCollectionEvents.SessionEnd: Invoking callback 1/1 for Microsoft.TestPlatform.Extensions.BlameDataCollector.BlameCollector.SessionEndedHandler, took 0 ms.
TpTrace Information: 0 : 8952, 1, 2022/09/16, 21:26:04.744, 9035000595285, datacollector.dll, DataCollectionManager.CleanupPlugins: CleanupPlugins called
TpTrace Verbose: 0 : 8952, 1, 2022/09/16, 21:26:04.744, 9035000595753, datacollector.dll, DataCollectionManager.CleanupPlugins: Cleaning up 1 plugins
TpTrace Verbose: 0 : 8952, 1, 2022/09/16, 21:26:04.745, 9035000596511, datacollector.dll, dataCollectorInfo.DisposeDataCollector: calling Dispose() on Microsoft.TestPlatform.Extensions.BlameDataCollector.BlameCollector
TpTrace Information: 0 : 8952, 1, 2022/09/16, 21:26:04.745, 9035000597096, datacollector.dll, DataCollectionManager.CleanupPlugins: CleanupPlugins finished
TpTrace Information: 0 : 8952, 1, 2022/09/16, 21:26:04.749, 9035000642733, datacollector.dll, DataCollectionRequestHandler.ProcessRequests : Session End message received from server. Closing the connection.
TpTrace Information: 0 : 8952, 1, 2022/09/16, 21:26:04.749, 9035000644505, datacollector.dll, Closing the connection !
TpTrace Information: 0 : 8952, 1, 2022/09/16, 21:26:04.749, 9035000644926, datacollector.dll, DataCollectionRequestHandler.ProcessRequests : DataCollection completed
TpTrace Information: 0 : 8952, 1, 2022/09/16, 21:26:04.749, 9035000645208, datacollector.dll, Program.Main: exiting datacollector process.
